[0.063s] Invoking command in '/home/robotica/taller2_grupo15/build/services': CMAKE_PREFIX_PATH=/home/robotica/taller2_grupo15/install/mi_robot_15:/opt/ros/humble /usr/bin/cmake /home/robotica/taller2_grupo15/src/services -DCMAKE_INSTALL_PREFIX=/home/robotica/taller2_grupo15/install/services
[0.127s] -- Found ament_cmake: 1.3.3 (/opt/ros/humble/share/ament_cmake/cmake)
[0.825s] -- Configuring incomplete, errors occurred!
[0.825s] See also "/home/robotica/taller2_grupo15/build/services/CMakeFiles/CMakeOutput.log".
[0.825s] [31mCMake Error at CMakeLists.txt:12 (find_package):
[0.827s]   By not providing "Find<dependency>.cmake" in CMAKE_MODULE_PATH this project
[0.828s]   has asked CMake to find a package configuration file provided by
[0.828s]   "<dependency>", but CMake did not find one.
[0.829s] 
[0.829s]   Could not find a package configuration file provided by "<dependency>" with
[0.829s]   any of the following names:
[0.829s] 
[0.829s]     <dependency>Config.cmake
[0.829s]     <dependency>-config.cmake
[0.829s] 
[0.829s]   Add the installation prefix of "<dependency>" to CMAKE_PREFIX_PATH or set
[0.829s]   "<dependency>_DIR" to a directory containing one of the above files.  If
[0.830s]   "<dependency>" provides a separate development package or SDK, be sure it
[0.830s]   has been installed.
[0.830s] 
[0.830s] [0m
[0.837s] Invoked command in '/home/robotica/taller2_grupo15/build/services' returned '1': CMAKE_PREFIX_PATH=/home/robotica/taller2_grupo15/install/mi_robot_15:/opt/ros/humble /usr/bin/cmake /home/robotica/taller2_grupo15/src/services -DCMAKE_INSTALL_PREFIX=/home/robotica/taller2_grupo15/install/services
