[0.069s] Invoking command in '/home/robotica/taller2_grupo15/build/services': CMAKE_PREFIX_PATH=/home/robotica/taller2_grupo15/install/mi_robot_15:/opt/ros/humble /usr/bin/cmake /home/robotica/taller2_grupo15/src/services -DCMAKE_INSTALL_PREFIX=/home/robotica/taller2_grupo15/install/services
[1.803s] -- The C compiler identification is GNU 11.3.0
[2.741s] -- The CXX compiler identification is GNU 11.3.0
[2.971s] -- Detecting C compiler ABI info
[3.503s] -- Detecting C compiler ABI info - done
[3.531s] -- Check for working C compiler: /usr/bin/cc - skipped
[3.543s] -- Detecting C compile features
[3.567s] -- Detecting C compile features - done
[3.591s] -- Detecting CXX compiler ABI info
[3.905s] -- Detecting CXX compiler ABI info - done
[3.936s] -- Check for working CXX compiler: /usr/bin/c++ - skipped
[3.937s] -- Detecting CXX compile features
[3.937s] -- Detecting CXX compile features - done
[4.096s] -- Found ament_cmake: 1.3.3 (/opt/ros/humble/share/ament_cmake/cmake)
[4.737s] -- Found Python3: /usr/bin/python3.10 (found version "3.10.6") found components: Interpreter 
[5.532s] -- Found ament_lint_auto: 0.12.5 (/opt/ros/humble/share/ament_lint_auto/cmake)
[6.206s] -- Added test 'lint_cmake' to check CMake code style
[6.231s] -- Added test 'xmllint' to check XML markup files
[6.384s] -- Found geometry_msgs: 4.2.3 (/opt/ros/humble/share/geometry_msgs/cmake)
[7.262s] -- Found rosidl_generator_c: 3.1.4 (/opt/ros/humble/share/rosidl_generator_c/cmake)
[7.339s] -- Found rosidl_adapter: 3.1.4 (/opt/ros/humble/share/rosidl_adapter/cmake)
[7.460s] -- Found rosidl_generator_cpp: 3.1.4 (/opt/ros/humble/share/rosidl_generator_cpp/cmake)
[7.713s] -- Using all available rosidl_typesupport_c: rosidl_typesupport_fastrtps_c;rosidl_typesupport_introspection_c
[7.971s] -- Using all available rosidl_typesupport_cpp: rosidl_typesupport_fastrtps_cpp;rosidl_typesupport_introspection_cpp
[8.684s] -- Found rosidl_default_generators: 1.2.0 (/opt/ros/humble/share/rosidl_default_generators/cmake)
[8.770s] [31mCMake Error at /opt/ros/humble/share/rosidl_cmake/cmake/rosidl_generate_interfaces.cmake:64 (message):
[8.770s]   rosidl_generate_interfaces() must be called before ament_package()
[8.771s] Call Stack (most recent call first):
[8.771s]   CMakeLists.txt:31 (rosidl_generate_interfaces)
[8.773s] 
[8.774s] [0m
[8.780s] -- Configuring incomplete, errors occurred!
[8.783s] See also "/home/robotica/taller2_grupo15/build/services/CMakeFiles/CMakeOutput.log".
[8.822s] Invoked command in '/home/robotica/taller2_grupo15/build/services' returned '1': CMAKE_PREFIX_PATH=/home/robotica/taller2_grupo15/install/mi_robot_15:/opt/ros/humble /usr/bin/cmake /home/robotica/taller2_grupo15/src/services -DCMAKE_INSTALL_PREFIX=/home/robotica/taller2_grupo15/install/services
