[0.803s] DEBUG:colcon:Command line arguments: ['/usr/bin/colcon', 'build', '--packages-select', 'services']
[0.803s] DEBUG:colcon:Parsed command line arguments: Namespace(log_base=None, log_level=None, verb_name='build', build_base='build', install_base='install', merge_install=False, symlink_install=False, test_result_base=None, continue_on_error=False, executor='parallel', parallel_workers=4, event_handlers=None, ignore_user_meta=False, metas=['./colcon.meta'], base_paths=['.'], packages_ignore=None, packages_ignore_regex=None, paths=None, packages_up_to=None, packages_up_to_regex=None, packages_above=None, packages_above_and_dependencies=None, packages_above_depth=None, packages_select_by_dep=None, packages_skip_by_dep=None, packages_skip_up_to=None, packages_select_build_failed=False, packages_skip_build_finished=False, packages_select_test_failures=False, packages_skip_test_passed=False, packages_select=['services'], packages_skip=None, packages_select_regex=None, packages_skip_regex=None, packages_start=None, packages_end=None, allow_overriding=[], cmake_args=None, cmake_target=None, cmake_target_skip_unavailable=False, cmake_clean_cache=False, cmake_clean_first=False, cmake_force_configure=False, ament_cmake_args=None, catkin_cmake_args=None, catkin_skip_building_tests=False, verb_parser=<colcon_defaults.argument_parser.defaults.DefaultArgumentsDecorator object at 0x7f10810bd720>, verb_extension=<colcon_core.verb.build.BuildVerb object at 0x7f10818e7c70>, main=<bound method BuildVerb.main of <colcon_core.verb.build.BuildVerb object at 0x7f10818e7c70>>)
[0.909s] Level 1:colcon.colcon_core.package_discovery:discover_packages(colcon_meta) check parameters
[0.910s] Level 1:colcon.colcon_core.package_discovery:discover_packages(recursive) check parameters
[0.910s] Level 1:colcon.colcon_core.package_discovery:discover_packages(ignore) check parameters
[0.910s] Level 1:colcon.colcon_core.package_discovery:discover_packages(path) check parameters
[0.910s] Level 1:colcon.colcon_core.package_discovery:discover_packages(colcon_meta) discover
[0.910s] Level 1:colcon.colcon_core.package_discovery:discover_packages(recursive) discover
[0.910s] INFO:colcon.colcon_core.package_discovery:Crawling recursively for packages in '/home/robotica/taller2_grupo15'
[0.911s] Level 1:colcon.colcon_core.package_identification:_identify(.) by extensions ['ignore', 'ignore_ament_install']
[0.911s] Level 1:colcon.colcon_core.package_identification:_identify(.) by extension 'ignore'
[0.911s] Level 1:colcon.colcon_core.package_identification:_identify(.) by extension 'ignore_ament_install'
[0.911s] Level 1:colcon.colcon_core.package_identification:_identify(.) by extensions ['colcon_pkg']
[0.911s] Level 1:colcon.colcon_core.package_identification:_identify(.) by extension 'colcon_pkg'
[0.912s] Level 1:colcon.colcon_core.package_identification:_identify(.) by extensions ['colcon_meta']
[0.912s] Level 1:colcon.colcon_core.package_identification:_identify(.) by extension 'colcon_meta'
[0.912s] Level 1:colcon.colcon_core.package_identification:_identify(.) by extensions ['ros']
[0.912s] Level 1:colcon.colcon_core.package_identification:_identify(.) by extension 'ros'
[0.941s] Level 1:colcon.colcon_core.package_identification:_identify(.) by extensions ['cmake', 'python']
[0.942s] Level 1:colcon.colcon_core.package_identification:_identify(.) by extension 'cmake'
[0.943s] Level 1:colcon.colcon_core.package_identification:_identify(.) by extension 'python'
[0.943s] Level 1:colcon.colcon_core.package_identification:_identify(.) by extensions ['python_setup_py']
[0.943s] Level 1:colcon.colcon_core.package_identification:_identify(.) by extension 'python_setup_py'
[0.943s] Level 1:colcon.colcon_core.package_identification:_identify(build) by extensions ['ignore', 'ignore_ament_install']
[0.944s] Level 1:colcon.colcon_core.package_identification:_identify(build) by extension 'ignore'
[0.945s] Level 1:colcon.colcon_core.package_identification:_identify(build) ignored
[0.945s] Level 1:colcon.colcon_core.package_identification:_identify(install) by extensions ['ignore', 'ignore_ament_install']
[0.945s] Level 1:colcon.colcon_core.package_identification:_identify(install) by extension 'ignore'
[0.946s] Level 1:colcon.colcon_core.package_identification:_identify(install) ignored
[0.946s] Level 1:colcon.colcon_core.package_identification:_identify(log) by extensions ['ignore', 'ignore_ament_install']
[0.946s] Level 1:colcon.colcon_core.package_identification:_identify(log) by extension 'ignore'
[0.947s] Level 1:colcon.colcon_core.package_identification:_identify(log) ignored
[0.947s] Level 1:colcon.colcon_core.package_identification:_identify(results) by extensions ['ignore', 'ignore_ament_install']
[0.948s] Level 1:colcon.colcon_core.package_identification:_identify(results) by extension 'ignore'
[0.948s] Level 1:colcon.colcon_core.package_identification:_identify(results) by extension 'ignore_ament_install'
[0.948s] Level 1:colcon.colcon_core.package_identification:_identify(results) by extensions ['colcon_pkg']
[0.948s] Level 1:colcon.colcon_core.package_identification:_identify(results) by extension 'colcon_pkg'
[0.948s] Level 1:colcon.colcon_core.package_identification:_identify(results) by extensions ['colcon_meta']
[0.948s] Level 1:colcon.colcon_core.package_identification:_identify(results) by extension 'colcon_meta'
[0.948s] Level 1:colcon.colcon_core.package_identification:_identify(results) by extensions ['ros']
[0.948s] Level 1:colcon.colcon_core.package_identification:_identify(results) by extension 'ros'
[0.948s] Level 1:colcon.colcon_core.package_identification:_identify(results) by extensions ['cmake', 'python']
[0.949s] Level 1:colcon.colcon_core.package_identification:_identify(results) by extension 'cmake'
[0.949s] Level 1:colcon.colcon_core.package_identification:_identify(results) by extension 'python'
[0.950s] Level 1:colcon.colcon_core.package_identification:_identify(results) by extensions ['python_setup_py']
[0.951s] Level 1:colcon.colcon_core.package_identification:_identify(results) by extension 'python_setup_py'
[0.951s] Level 1:colcon.colcon_core.package_identification:_identify(robot_effector) by extensions ['ignore', 'ignore_ament_install']
[0.951s] Level 1:colcon.colcon_core.package_identification:_identify(robot_effector) by extension 'ignore'
[0.951s] Level 1:colcon.colcon_core.package_identification:_identify(robot_effector) by extension 'ignore_ament_install'
[0.952s] Level 1:colcon.colcon_core.package_identification:_identify(robot_effector) by extensions ['colcon_pkg']
[0.952s] Level 1:colcon.colcon_core.package_identification:_identify(robot_effector) by extension 'colcon_pkg'
[0.952s] Level 1:colcon.colcon_core.package_identification:_identify(robot_effector) by extensions ['colcon_meta']
[0.952s] Level 1:colcon.colcon_core.package_identification:_identify(robot_effector) by extension 'colcon_meta'
[0.953s] Level 1:colcon.colcon_core.package_identification:_identify(robot_effector) by extensions ['ros']
[0.953s] Level 1:colcon.colcon_core.package_identification:_identify(robot_effector) by extension 'ros'
[0.954s] Level 1:colcon.colcon_core.package_identification:_identify(robot_effector) by extensions ['cmake', 'python']
[0.954s] Level 1:colcon.colcon_core.package_identification:_identify(robot_effector) by extension 'cmake'
[0.954s] Level 1:colcon.colcon_core.package_identification:_identify(robot_effector) by extension 'python'
[0.954s] Level 1:colcon.colcon_core.package_identification:_identify(robot_effector) by extensions ['python_setup_py']
[0.954s] Level 1:colcon.colcon_core.package_identification:_identify(robot_effector) by extension 'python_setup_py'
[0.954s] Level 1:colcon.colcon_core.package_identification:_identify(robot_effector/motoresRobot) by extensions ['ignore', 'ignore_ament_install']
[0.954s] Level 1:colcon.colcon_core.package_identification:_identify(robot_effector/motoresRobot) by extension 'ignore'
[0.954s] Level 1:colcon.colcon_core.package_identification:_identify(robot_effector/motoresRobot) by extension 'ignore_ament_install'
[0.955s] Level 1:colcon.colcon_core.package_identification:_identify(robot_effector/motoresRobot) by extensions ['colcon_pkg']
[0.955s] Level 1:colcon.colcon_core.package_identification:_identify(robot_effector/motoresRobot) by extension 'colcon_pkg'
[0.955s] Level 1:colcon.colcon_core.package_identification:_identify(robot_effector/motoresRobot) by extensions ['colcon_meta']
[0.955s] Level 1:colcon.colcon_core.package_identification:_identify(robot_effector/motoresRobot) by extension 'colcon_meta'
[0.955s] Level 1:colcon.colcon_core.package_identification:_identify(robot_effector/motoresRobot) by extensions ['ros']
[0.955s] Level 1:colcon.colcon_core.package_identification:_identify(robot_effector/motoresRobot) by extension 'ros'
[0.955s] Level 1:colcon.colcon_core.package_identification:_identify(robot_effector/motoresRobot) by extensions ['cmake', 'python']
[0.955s] Level 1:colcon.colcon_core.package_identification:_identify(robot_effector/motoresRobot) by extension 'cmake'
[0.955s] Level 1:colcon.colcon_core.package_identification:_identify(robot_effector/motoresRobot) by extension 'python'
[0.955s] Level 1:colcon.colcon_core.package_identification:_identify(robot_effector/motoresRobot) by extensions ['python_setup_py']
[0.955s] Level 1:colcon.colcon_core.package_identification:_identify(robot_effector/motoresRobot) by extension 'python_setup_py'
[0.956s] Level 1:colcon.colcon_core.package_identification:_identify(src) by extensions ['ignore', 'ignore_ament_install']
[0.956s] Level 1:colcon.colcon_core.package_identification:_identify(src) by extension 'ignore'
[0.956s] Level 1:colcon.colcon_core.package_identification:_identify(src) by extension 'ignore_ament_install'
[0.957s] Level 1:colcon.colcon_core.package_identification:_identify(src) by extensions ['colcon_pkg']
[0.957s] Level 1:colcon.colcon_core.package_identification:_identify(src) by extension 'colcon_pkg'
[0.957s] Level 1:colcon.colcon_core.package_identification:_identify(src) by extensions ['colcon_meta']
[0.957s] Level 1:colcon.colcon_core.package_identification:_identify(src) by extension 'colcon_meta'
[0.957s] Level 1:colcon.colcon_core.package_identification:_identify(src) by extensions ['ros']
[0.957s] Level 1:colcon.colcon_core.package_identification:_identify(src) by extension 'ros'
[0.957s] Level 1:colcon.colcon_core.package_identification:_identify(src) by extensions ['cmake', 'python']
[0.957s] Level 1:colcon.colcon_core.package_identification:_identify(src) by extension 'cmake'
[0.958s] Level 1:colcon.colcon_core.package_identification:_identify(src) by extension 'python'
[0.958s] Level 1:colcon.colcon_core.package_identification:_identify(src) by extensions ['python_setup_py']
[0.958s] Level 1:colcon.colcon_core.package_identification:_identify(src) by extension 'python_setup_py'
[0.958s] Level 1:colcon.colcon_core.package_identification:_identify(src/mi_robot_15) by extensions ['ignore', 'ignore_ament_install']
[0.958s] Level 1:colcon.colcon_core.package_identification:_identify(src/mi_robot_15) by extension 'ignore'
[0.958s] Level 1:colcon.colcon_core.package_identification:_identify(src/mi_robot_15) by extension 'ignore_ament_install'
[0.958s] Level 1:colcon.colcon_core.package_identification:_identify(src/mi_robot_15) by extensions ['colcon_pkg']
[0.958s] Level 1:colcon.colcon_core.package_identification:_identify(src/mi_robot_15) by extension 'colcon_pkg'
[0.958s] Level 1:colcon.colcon_core.package_identification:_identify(src/mi_robot_15) by extensions ['colcon_meta']
[0.958s] Level 1:colcon.colcon_core.package_identification:_identify(src/mi_robot_15) by extension 'colcon_meta'
[0.959s] Level 1:colcon.colcon_core.package_identification:_identify(src/mi_robot_15) by extensions ['ros']
[0.959s] Level 1:colcon.colcon_core.package_identification:_identify(src/mi_robot_15) by extension 'ros'
[0.964s] DEBUG:colcon.colcon_core.package_identification:Package 'src/mi_robot_15' with type 'ros.ament_python' and name 'mi_robot_15'
[0.965s] Level 1:colcon.colcon_core.package_identification:_identify(src/services) by extensions ['ignore', 'ignore_ament_install']
[0.966s] Level 1:colcon.colcon_core.package_identification:_identify(src/services) by extension 'ignore'
[0.966s] Level 1:colcon.colcon_core.package_identification:_identify(src/services) by extension 'ignore_ament_install'
[0.966s] Level 1:colcon.colcon_core.package_identification:_identify(src/services) by extensions ['colcon_pkg']
[0.966s] Level 1:colcon.colcon_core.package_identification:_identify(src/services) by extension 'colcon_pkg'
[0.966s] Level 1:colcon.colcon_core.package_identification:_identify(src/services) by extensions ['colcon_meta']
[0.966s] Level 1:colcon.colcon_core.package_identification:_identify(src/services) by extension 'colcon_meta'
[0.967s] Level 1:colcon.colcon_core.package_identification:_identify(src/services) by extensions ['ros']
[0.967s] Level 1:colcon.colcon_core.package_identification:_identify(src/services) by extension 'ros'
[0.969s] DEBUG:colcon.colcon_core.package_identification:Package 'src/services' with type 'ros.ament_cmake' and name 'services'
[0.969s] Level 1:colcon.colcon_core.package_discovery:discover_packages(recursive) using defaults
[0.969s] Level 1:colcon.colcon_core.package_discovery:discover_packages(ignore) discover
[0.969s] Level 1:colcon.colcon_core.package_discovery:discover_packages(ignore) using defaults
[0.969s] Level 1:colcon.colcon_core.package_discovery:discover_packages(path) discover
[0.969s] Level 1:colcon.colcon_core.package_discovery:discover_packages(path) using defaults
[1.022s] INFO:colcon.colcon_core.package_selection:Skipping not selected package 'mi_robot_15' in 'src/mi_robot_15'
[1.026s] Level 1:colcon.colcon_core.package_discovery:discover_packages(prefix_path) check parameters
[1.026s] Level 1:colcon.colcon_core.package_discovery:discover_packages(prefix_path) discover
[1.033s] DEBUG:colcon.colcon_installed_package_information.package_discovery:Found 2 installed packages in /home/robotica/taller2_grupo15/install
[1.038s] DEBUG:colcon.colcon_installed_package_information.package_discovery:Found 270 installed packages in /opt/ros/humble
[1.043s] Level 1:colcon.colcon_core.package_discovery:discover_packages(prefix_path) using defaults
[1.196s] Level 5:colcon.colcon_core.verb:set package 'services' build argument 'cmake_args' from command line to 'None'
[1.197s] Level 5:colcon.colcon_core.verb:set package 'services' build argument 'cmake_target' from command line to 'None'
[1.197s] Level 5:colcon.colcon_core.verb:set package 'services' build argument 'cmake_target_skip_unavailable' from command line to 'False'
[1.197s] Level 5:colcon.colcon_core.verb:set package 'services' build argument 'cmake_clean_cache' from command line to 'False'
[1.197s] Level 5:colcon.colcon_core.verb:set package 'services' build argument 'cmake_clean_first' from command line to 'False'
[1.198s] Level 5:colcon.colcon_core.verb:set package 'services' build argument 'cmake_force_configure' from command line to 'False'
[1.198s] Level 5:colcon.colcon_core.verb:set package 'services' build argument 'ament_cmake_args' from command line to 'None'
[1.198s] Level 5:colcon.colcon_core.verb:set package 'services' build argument 'catkin_cmake_args' from command line to 'None'
[1.198s] Level 5:colcon.colcon_core.verb:set package 'services' build argument 'catkin_skip_building_tests' from command line to 'False'
[1.198s] DEBUG:colcon.colcon_core.verb:Building package 'services' with the following arguments: {'ament_cmake_args': None, 'build_base': '/home/robotica/taller2_grupo15/build/services', 'catkin_cmake_args': None, 'catkin_skip_building_tests': False, 'cmake_args': None, 'cmake_clean_cache': False, 'cmake_clean_first': False, 'cmake_force_configure': False, 'cmake_target': None, 'cmake_target_skip_unavailable': False, 'install_base': '/home/robotica/taller2_grupo15/install/services', 'merge_install': False, 'path': '/home/robotica/taller2_grupo15/src/services', 'symlink_install': False, 'test_result_base': None}
[1.200s] INFO:colcon.colcon_core.executor:Executing jobs using 'parallel' executor
[1.208s] DEBUG:colcon.colcon_parallel_executor.executor.parallel:run_until_complete
[1.212s] INFO:colcon.colcon_ros.task.ament_cmake.build:Building ROS package in '/home/robotica/taller2_grupo15/src/services' with build type 'ament_cmake'
[1.213s] INFO:colcon.colcon_cmake.task.cmake.build:Building CMake package in '/home/robotica/taller2_grupo15/src/services'
[1.233s] INFO:colcon.colcon_core.plugin_system:Skipping extension 'colcon_core.shell.bat': Not used on non-Windows systems
[1.234s] INFO:colcon.colcon_core.shell:Skip shell extension 'powershell' for command environment: Not usable outside of PowerShell
[1.234s] DEBUG:colcon.colcon_core.shell:Skip shell extension 'dsv' for command environment
[1.305s] DEBUG:colcon.colcon_core.event_handler.log_command:Invoking command in '/home/robotica/taller2_grupo15/build/services': CMAKE_PREFIX_PATH=/home/robotica/taller2_grupo15/install/mi_robot_15:/opt/ros/humble /usr/bin/cmake /home/robotica/taller2_grupo15/src/services -DCMAKE_INSTALL_PREFIX=/home/robotica/taller2_grupo15/install/services
[2.905s] DEBUG:colcon.colcon_core.event_handler.log_command:Invoked command in '/home/robotica/taller2_grupo15/build/services' returned '1': CMAKE_PREFIX_PATH=/home/robotica/taller2_grupo15/install/mi_robot_15:/opt/ros/humble /usr/bin/cmake /home/robotica/taller2_grupo15/src/services -DCMAKE_INSTALL_PREFIX=/home/robotica/taller2_grupo15/install/services
[2.961s] Level 1:colcon.colcon_core.environment:create_environment_scripts_only(services)
[2.977s] Level 1:colcon.colcon_core.environment:checking '/home/robotica/taller2_grupo15/install/services' for CMake module files
[2.978s] Level 1:colcon.colcon_core.environment:checking '/home/robotica/taller2_grupo15/install/services' for CMake config files
[2.981s] Level 1:colcon.colcon_core.environment:checking '/home/robotica/taller2_grupo15/install/services/bin'
[2.981s] Level 1:colcon.colcon_core.environment:checking '/home/robotica/taller2_grupo15/install/services/lib/pkgconfig/services.pc'
[2.982s] Level 1:colcon.colcon_core.environment:checking '/home/robotica/taller2_grupo15/install/services/lib/python3.10/site-packages'
[2.983s] Level 1:colcon.colcon_core.environment:checking '/home/robotica/taller2_grupo15/install/services/bin'
[2.986s] INFO:colcon.colcon_core.shell:Creating package script '/home/robotica/taller2_grupo15/install/services/share/services/package.ps1'
[2.989s] INFO:colcon.colcon_core.shell:Creating package descriptor '/home/robotica/taller2_grupo15/install/services/share/services/package.dsv'
[2.992s] INFO:colcon.colcon_core.shell:Creating package script '/home/robotica/taller2_grupo15/install/services/share/services/package.sh'
[2.994s] INFO:colcon.colcon_core.shell:Creating package script '/home/robotica/taller2_grupo15/install/services/share/services/package.bash'
[2.999s] INFO:colcon.colcon_core.shell:Creating package script '/home/robotica/taller2_grupo15/install/services/share/services/package.zsh'
[3.004s] Level 1:colcon.colcon_core.environment:create_file_with_runtime_dependencies(/home/robotica/taller2_grupo15/install/services/share/colcon-core/packages/services)
[3.028s] DEBUG:colcon.colcon_parallel_executor.executor.parallel:closing loop
[3.036s] DEBUG:colcon.colcon_parallel_executor.executor.parallel:loop closed
[3.038s] DEBUG:colcon.colcon_parallel_executor.executor.parallel:run_until_complete finished with '1'
[3.042s] DEBUG:colcon.colcon_core.event_reactor:joining thread
[3.066s] INFO:colcon.colcon_core.plugin_system:Skipping extension 'colcon_notification.desktop_notification.terminal_notifier': Not used on non-Darwin systems
[3.066s] INFO:colcon.colcon_core.plugin_system:Skipping extension 'colcon_notification.desktop_notification.win32': Not used on non-Windows systems
[3.066s] INFO:colcon.colcon_notification.desktop_notification:Sending desktop notification using 'notify2'
[3.121s] DEBUG:colcon.colcon_core.event_reactor:joined thread
[3.132s] INFO:colcon.colcon_core.shell:Creating prefix script '/home/robotica/taller2_grupo15/install/local_setup.ps1'
[3.136s] INFO:colcon.colcon_core.shell:Creating prefix util module '/home/robotica/taller2_grupo15/install/_local_setup_util_ps1.py'
[3.141s] INFO:colcon.colcon_core.shell:Creating prefix chain script '/home/robotica/taller2_grupo15/install/setup.ps1'
[3.146s] INFO:colcon.colcon_core.shell:Creating prefix script '/home/robotica/taller2_grupo15/install/local_setup.sh'
[3.149s] INFO:colcon.colcon_core.shell:Creating prefix util module '/home/robotica/taller2_grupo15/install/_local_setup_util_sh.py'
[3.153s] INFO:colcon.colcon_core.shell:Creating prefix chain script '/home/robotica/taller2_grupo15/install/setup.sh'
[3.159s] INFO:colcon.colcon_core.shell:Creating prefix script '/home/robotica/taller2_grupo15/install/local_setup.bash'
[3.162s] INFO:colcon.colcon_core.shell:Creating prefix chain script '/home/robotica/taller2_grupo15/install/setup.bash'
[3.168s] INFO:colcon.colcon_core.shell:Creating prefix script '/home/robotica/taller2_grupo15/install/local_setup.zsh'
[3.171s] INFO:colcon.colcon_core.shell:Creating prefix chain script '/home/robotica/taller2_grupo15/install/setup.zsh'
