[1.008s] Invoking command in '/home/robotica/taller2_grupo15/build/services': CMAKE_PREFIX_PATH=/home/robotica/taller2_grupo15/install/mi_robot_15:/opt/ros/humble /usr/bin/cmake /home/robotica/taller2_grupo15/src/services -DCMAKE_INSTALL_PREFIX=/home/robotica/taller2_grupo15/install/services
[1.041s] -- Found ament_cmake: 1.3.3 (/opt/ros/humble/share/ament_cmake/cmake)
[1.599s] -- Found geometry_msgs: 4.2.3 (/opt/ros/humble/share/geometry_msgs/cmake)
[1.704s] -- Found rosidl_generator_c: 3.1.4 (/opt/ros/humble/share/rosidl_generator_c/cmake)
[1.717s] -- Found rosidl_adapter: 3.1.4 (/opt/ros/humble/share/rosidl_adapter/cmake)
[1.739s] -- Found rosidl_generator_cpp: 3.1.4 (/opt/ros/humble/share/rosidl_generator_cpp/cmake)
[1.776s] -- Using all available rosidl_typesupport_c: rosidl_typesupport_fastrtps_c;rosidl_typesupport_introspection_c
[1.822s] -- Using all available rosidl_typesupport_cpp: rosidl_typesupport_fastrtps_cpp;rosidl_typesupport_introspection_cpp
[2.082s] -- Found rosidl_default_generators: 1.2.0 (/opt/ros/humble/share/rosidl_default_generators/cmake)
[2.857s] [31mCMake Error at /opt/ros/humble/share/ament_cmake_core/cmake/core/ament_package_xml.cmake:53 (message):
[2.857s]   ament_package_xml() package name 'services' in '/package.xml' does not
[2.857s]   match current PROJECT_NAME 'servicios'.  You must call project() with the
[2.857s]   same package name before.
[2.857s] Call Stack (most recent call first):
[2.857s]   /opt/ros/humble/share/rosidl_cmake/cmake/rosidl_generate_interfaces.cmake:226 (ament_package_xml)
[2.858s]   CMakeLists.txt:13 (rosidl_generate_interfaces)
[2.858s] 
[2.858s] [0m
[2.860s] -- Configuring incomplete, errors occurred!
[2.860s] See also "/home/robotica/taller2_grupo15/build/services/CMakeFiles/CMakeOutput.log".
[2.881s] Invoked command in '/home/robotica/taller2_grupo15/build/services' returned '1': CMAKE_PREFIX_PATH=/home/robotica/taller2_grupo15/install/mi_robot_15:/opt/ros/humble /usr/bin/cmake /home/robotica/taller2_grupo15/src/services -DCMAKE_INSTALL_PREFIX=/home/robotica/taller2_grupo15/install/services
