[1.246s] Invoking command in '/home/robotica/taller2_grupo15/src/mi_robot_15': PYTHONPATH=/home/robotica/taller2_grupo15/build/mi_robot_15/prefix_override:/home/robotica/taller2_grupo15/install/mi_robot_15/lib/python3.10/site-packages:${PYTHONPATH} /usr/bin/python3 setup.py egg_info --egg-base ../../build/mi_robot_15 build --build-base /home/robotica/taller2_grupo15/build/mi_robot_15/build install --record /home/robotica/taller2_grupo15/build/mi_robot_15/install.log --single-version-externally-managed
[1.579s] running egg_info
[1.581s] writing ../../build/mi_robot_15/mi_robot_15.egg-info/PKG-INFO
[1.583s] writing dependency_links to ../../build/mi_robot_15/mi_robot_15.egg-info/dependency_links.txt
[1.586s] writing entry points to ../../build/mi_robot_15/mi_robot_15.egg-info/entry_points.txt
[1.587s] writing requirements to ../../build/mi_robot_15/mi_robot_15.egg-info/requires.txt
[1.588s] writing top-level names to ../../build/mi_robot_15/mi_robot_15.egg-info/top_level.txt
[1.599s] reading manifest file '../../build/mi_robot_15/mi_robot_15.egg-info/SOURCES.txt'
[1.605s] writing manifest file '../../build/mi_robot_15/mi_robot_15.egg-info/SOURCES.txt'
[1.605s] running build
[1.605s] running build_py
[1.611s] running install
[1.612s] /usr/lib/python3/dist-packages/setuptools/command/install.py:34: SetuptoolsDeprecationWarning: setup.py install is deprecated. Use build and pip and other standards-based tools.
[1.612s]   warnings.warn(
[1.614s] running install_lib
[1.626s] running install_data
[1.633s] running install_egg_info
[1.637s] removing '/home/robotica/taller2_grupo15/install/mi_robot_15/lib/python3.10/site-packages/mi_robot_15-0.0.0-py3.10.egg-info' (and everything under it)
[1.638s] Copying ../../build/mi_robot_15/mi_robot_15.egg-info to /home/robotica/taller2_grupo15/install/mi_robot_15/lib/python3.10/site-packages/mi_robot_15-0.0.0-py3.10.egg-info
[1.641s] running install_scripts
[1.677s] Installing robot_teleop script to /home/robotica/taller2_grupo15/install/mi_robot_15/lib/mi_robot_15
[1.682s] writing list of installed files to '/home/robotica/taller2_grupo15/build/mi_robot_15/install.log'
[1.729s] Invoked command in '/home/robotica/taller2_grupo15/src/mi_robot_15' returned '0': PYTHONPATH=/home/robotica/taller2_grupo15/build/mi_robot_15/prefix_override:/home/robotica/taller2_grupo15/install/mi_robot_15/lib/python3.10/site-packages:${PYTHONPATH} /usr/bin/python3 setup.py egg_info --egg-base ../../build/mi_robot_15 build --build-base /home/robotica/taller2_grupo15/build/mi_robot_15/build install --record /home/robotica/taller2_grupo15/build/mi_robot_15/install.log --single-version-externally-managed
