[2.402s] DEBUG:colcon:Command line arguments: ['/usr/bin/colcon', 'build']
[2.402s] DEBUG:colcon:Parsed command line arguments: Namespace(log_base=None, log_level=None, verb_name='build', build_base='build', install_base='install', merge_install=False, symlink_install=False, test_result_base=None, continue_on_error=False, executor='parallel', parallel_workers=4, event_handlers=None, ignore_user_meta=False, metas=['./colcon.meta'], base_paths=['.'], packages_ignore=None, packages_ignore_regex=None, paths=None, packages_up_to=None, packages_up_to_regex=None, packages_above=None, packages_above_and_dependencies=None, packages_above_depth=None, packages_select_by_dep=None, packages_skip_by_dep=None, packages_skip_up_to=None, packages_select_build_failed=False, packages_skip_build_finished=False, packages_select_test_failures=False, packages_skip_test_passed=False, packages_select=None, packages_skip=None, packages_select_regex=None, packages_skip_regex=None, packages_start=None, packages_end=None, allow_overriding=[], cmake_args=None, cmake_target=None, cmake_target_skip_unavailable=False, cmake_clean_cache=False, cmake_clean_first=False, cmake_force_configure=False, ament_cmake_args=None, catkin_cmake_args=None, catkin_skip_building_tests=False, verb_parser=<colcon_defaults.argument_parser.defaults.DefaultArgumentsDecorator object at 0x7f90f23994e0>, verb_extension=<colcon_core.verb.build.BuildVerb object at 0x7f90f2b9e920>, main=<bound method BuildVerb.main of <colcon_core.verb.build.BuildVerb object at 0x7f90f2b9e920>>)
[2.629s] Level 1:colcon.colcon_core.package_discovery:discover_packages(colcon_meta) check parameters
[2.629s] Level 1:colcon.colcon_core.package_discovery:discover_packages(recursive) check parameters
[2.629s] Level 1:colcon.colcon_core.package_discovery:discover_packages(ignore) check parameters
[2.629s] Level 1:colcon.colcon_core.package_discovery:discover_packages(path) check parameters
[2.629s] Level 1:colcon.colcon_core.package_discovery:discover_packages(colcon_meta) discover
[2.629s] Level 1:colcon.colcon_core.package_discovery:discover_packages(recursive) discover
[2.629s] INFO:colcon.colcon_core.package_discovery:Crawling recursively for packages in '/home/robotica/taller2_grupo15'
[2.630s] Level 1:colcon.colcon_core.package_identification:_identify(.) by extensions ['ignore', 'ignore_ament_install']
[2.630s] Level 1:colcon.colcon_core.package_identification:_identify(.) by extension 'ignore'
[2.630s] Level 1:colcon.colcon_core.package_identification:_identify(.) by extension 'ignore_ament_install'
[2.630s] Level 1:colcon.colcon_core.package_identification:_identify(.) by extensions ['colcon_pkg']
[2.630s] Level 1:colcon.colcon_core.package_identification:_identify(.) by extension 'colcon_pkg'
[2.630s] Level 1:colcon.colcon_core.package_identification:_identify(.) by extensions ['colcon_meta']
[2.630s] Level 1:colcon.colcon_core.package_identification:_identify(.) by extension 'colcon_meta'
[2.630s] Level 1:colcon.colcon_core.package_identification:_identify(.) by extensions ['ros']
[2.630s] Level 1:colcon.colcon_core.package_identification:_identify(.) by extension 'ros'
[2.660s] Level 1:colcon.colcon_core.package_identification:_identify(.) by extensions ['cmake', 'python']
[2.660s] Level 1:colcon.colcon_core.package_identification:_identify(.) by extension 'cmake'
[2.661s] Level 1:colcon.colcon_core.package_identification:_identify(.) by extension 'python'
[2.661s] Level 1:colcon.colcon_core.package_identification:_identify(.) by extensions ['python_setup_py']
[2.661s] Level 1:colcon.colcon_core.package_identification:_identify(.) by extension 'python_setup_py'
[2.661s] Level 1:colcon.colcon_core.package_identification:_identify(build) by extensions ['ignore', 'ignore_ament_install']
[2.661s] Level 1:colcon.colcon_core.package_identification:_identify(build) by extension 'ignore'
[2.661s] Level 1:colcon.colcon_core.package_identification:_identify(build) ignored
[2.661s] Level 1:colcon.colcon_core.package_identification:_identify(install) by extensions ['ignore', 'ignore_ament_install']
[2.661s] Level 1:colcon.colcon_core.package_identification:_identify(install) by extension 'ignore'
[2.661s] Level 1:colcon.colcon_core.package_identification:_identify(install) ignored
[2.661s] Level 1:colcon.colcon_core.package_identification:_identify(log) by extensions ['ignore', 'ignore_ament_install']
[2.661s] Level 1:colcon.colcon_core.package_identification:_identify(log) by extension 'ignore'
[2.661s] Level 1:colcon.colcon_core.package_identification:_identify(log) ignored
[2.663s] Level 1:colcon.colcon_core.package_identification:_identify(robot_effector) by extensions ['ignore', 'ignore_ament_install']
[2.663s] Level 1:colcon.colcon_core.package_identification:_identify(robot_effector) by extension 'ignore'
[2.663s] Level 1:colcon.colcon_core.package_identification:_identify(robot_effector) by extension 'ignore_ament_install'
[2.663s] Level 1:colcon.colcon_core.package_identification:_identify(robot_effector) by extensions ['colcon_pkg']
[2.663s] Level 1:colcon.colcon_core.package_identification:_identify(robot_effector) by extension 'colcon_pkg'
[2.664s] Level 1:colcon.colcon_core.package_identification:_identify(robot_effector) by extensions ['colcon_meta']
[2.664s] Level 1:colcon.colcon_core.package_identification:_identify(robot_effector) by extension 'colcon_meta'
[2.664s] Level 1:colcon.colcon_core.package_identification:_identify(robot_effector) by extensions ['ros']
[2.664s] Level 1:colcon.colcon_core.package_identification:_identify(robot_effector) by extension 'ros'
[2.664s] Level 1:colcon.colcon_core.package_identification:_identify(robot_effector) by extensions ['cmake', 'python']
[2.664s] Level 1:colcon.colcon_core.package_identification:_identify(robot_effector) by extension 'cmake'
[2.664s] Level 1:colcon.colcon_core.package_identification:_identify(robot_effector) by extension 'python'
[2.664s] Level 1:colcon.colcon_core.package_identification:_identify(robot_effector) by extensions ['python_setup_py']
[2.664s] Level 1:colcon.colcon_core.package_identification:_identify(robot_effector) by extension 'python_setup_py'
[2.665s] Level 1:colcon.colcon_core.package_identification:_identify(robot_effector/motoresRobot) by extensions ['ignore', 'ignore_ament_install']
[2.666s] Level 1:colcon.colcon_core.package_identification:_identify(robot_effector/motoresRobot) by extension 'ignore'
[2.666s] Level 1:colcon.colcon_core.package_identification:_identify(robot_effector/motoresRobot) by extension 'ignore_ament_install'
[2.666s] Level 1:colcon.colcon_core.package_identification:_identify(robot_effector/motoresRobot) by extensions ['colcon_pkg']
[2.666s] Level 1:colcon.colcon_core.package_identification:_identify(robot_effector/motoresRobot) by extension 'colcon_pkg'
[2.666s] Level 1:colcon.colcon_core.package_identification:_identify(robot_effector/motoresRobot) by extensions ['colcon_meta']
[2.666s] Level 1:colcon.colcon_core.package_identification:_identify(robot_effector/motoresRobot) by extension 'colcon_meta'
[2.666s] Level 1:colcon.colcon_core.package_identification:_identify(robot_effector/motoresRobot) by extensions ['ros']
[2.666s] Level 1:colcon.colcon_core.package_identification:_identify(robot_effector/motoresRobot) by extension 'ros'
[2.666s] Level 1:colcon.colcon_core.package_identification:_identify(robot_effector/motoresRobot) by extensions ['cmake', 'python']
[2.666s] Level 1:colcon.colcon_core.package_identification:_identify(robot_effector/motoresRobot) by extension 'cmake'
[2.666s] Level 1:colcon.colcon_core.package_identification:_identify(robot_effector/motoresRobot) by extension 'python'
[2.666s] Level 1:colcon.colcon_core.package_identification:_identify(robot_effector/motoresRobot) by extensions ['python_setup_py']
[2.666s] Level 1:colcon.colcon_core.package_identification:_identify(robot_effector/motoresRobot) by extension 'python_setup_py'
[2.669s] Level 1:colcon.colcon_core.package_identification:_identify(src) by extensions ['ignore', 'ignore_ament_install']
[2.669s] Level 1:colcon.colcon_core.package_identification:_identify(src) by extension 'ignore'
[2.669s] Level 1:colcon.colcon_core.package_identification:_identify(src) by extension 'ignore_ament_install'
[2.669s] Level 1:colcon.colcon_core.package_identification:_identify(src) by extensions ['colcon_pkg']
[2.669s] Level 1:colcon.colcon_core.package_identification:_identify(src) by extension 'colcon_pkg'
[2.669s] Level 1:colcon.colcon_core.package_identification:_identify(src) by extensions ['colcon_meta']
[2.669s] Level 1:colcon.colcon_core.package_identification:_identify(src) by extension 'colcon_meta'
[2.669s] Level 1:colcon.colcon_core.package_identification:_identify(src) by extensions ['ros']
[2.669s] Level 1:colcon.colcon_core.package_identification:_identify(src) by extension 'ros'
[2.669s] Level 1:colcon.colcon_core.package_identification:_identify(src) by extensions ['cmake', 'python']
[2.669s] Level 1:colcon.colcon_core.package_identification:_identify(src) by extension 'cmake'
[2.669s] Level 1:colcon.colcon_core.package_identification:_identify(src) by extension 'python'
[2.669s] Level 1:colcon.colcon_core.package_identification:_identify(src) by extensions ['python_setup_py']
[2.670s] Level 1:colcon.colcon_core.package_identification:_identify(src) by extension 'python_setup_py'
[2.671s] Level 1:colcon.colcon_core.package_identification:_identify(src/mi_robot_15) by extensions ['ignore', 'ignore_ament_install']
[2.672s] Level 1:colcon.colcon_core.package_identification:_identify(src/mi_robot_15) by extension 'ignore'
[2.672s] Level 1:colcon.colcon_core.package_identification:_identify(src/mi_robot_15) by extension 'ignore_ament_install'
[2.672s] Level 1:colcon.colcon_core.package_identification:_identify(src/mi_robot_15) by extensions ['colcon_pkg']
[2.672s] Level 1:colcon.colcon_core.package_identification:_identify(src/mi_robot_15) by extension 'colcon_pkg'
[2.672s] Level 1:colcon.colcon_core.package_identification:_identify(src/mi_robot_15) by extensions ['colcon_meta']
[2.672s] Level 1:colcon.colcon_core.package_identification:_identify(src/mi_robot_15) by extension 'colcon_meta'
[2.672s] Level 1:colcon.colcon_core.package_identification:_identify(src/mi_robot_15) by extensions ['ros']
[2.672s] Level 1:colcon.colcon_core.package_identification:_identify(src/mi_robot_15) by extension 'ros'
[2.684s] DEBUG:colcon.colcon_core.package_identification:Package 'src/mi_robot_15' with type 'ros.ament_python' and name 'mi_robot_15'
[2.684s] Level 1:colcon.colcon_core.package_discovery:discover_packages(recursive) using defaults
[2.684s] Level 1:colcon.colcon_core.package_discovery:discover_packages(ignore) discover
[2.684s] Level 1:colcon.colcon_core.package_discovery:discover_packages(ignore) using defaults
[2.684s] Level 1:colcon.colcon_core.package_discovery:discover_packages(path) discover
[2.684s] Level 1:colcon.colcon_core.package_discovery:discover_packages(path) using defaults
[2.778s] Level 1:colcon.colcon_core.package_discovery:discover_packages(prefix_path) check parameters
[2.778s] Level 1:colcon.colcon_core.package_discovery:discover_packages(prefix_path) discover
[2.793s] DEBUG:colcon.colcon_installed_package_information.package_discovery:Found 270 installed packages in /opt/ros/humble
[2.796s] Level 1:colcon.colcon_core.package_discovery:discover_packages(prefix_path) using defaults
[2.895s] Level 5:colcon.colcon_core.verb:set package 'mi_robot_15' build argument 'cmake_args' from command line to 'None'
[2.895s] Level 5:colcon.colcon_core.verb:set package 'mi_robot_15' build argument 'cmake_target' from command line to 'None'
[2.896s] Level 5:colcon.colcon_core.verb:set package 'mi_robot_15' build argument 'cmake_target_skip_unavailable' from command line to 'False'
[2.896s] Level 5:colcon.colcon_core.verb:set package 'mi_robot_15' build argument 'cmake_clean_cache' from command line to 'False'
[2.896s] Level 5:colcon.colcon_core.verb:set package 'mi_robot_15' build argument 'cmake_clean_first' from command line to 'False'
[2.896s] Level 5:colcon.colcon_core.verb:set package 'mi_robot_15' build argument 'cmake_force_configure' from command line to 'False'
[2.896s] Level 5:colcon.colcon_core.verb:set package 'mi_robot_15' build argument 'ament_cmake_args' from command line to 'None'
[2.896s] Level 5:colcon.colcon_core.verb:set package 'mi_robot_15' build argument 'catkin_cmake_args' from command line to 'None'
[2.896s] Level 5:colcon.colcon_core.verb:set package 'mi_robot_15' build argument 'catkin_skip_building_tests' from command line to 'False'
[2.896s] DEBUG:colcon.colcon_core.verb:Building package 'mi_robot_15' with the following arguments: {'ament_cmake_args': None, 'build_base': '/home/robotica/taller2_grupo15/build/mi_robot_15', 'catkin_cmake_args': None, 'catkin_skip_building_tests': False, 'cmake_args': None, 'cmake_clean_cache': False, 'cmake_clean_first': False, 'cmake_force_configure': False, 'cmake_target': None, 'cmake_target_skip_unavailable': False, 'install_base': '/home/robotica/taller2_grupo15/install/mi_robot_15', 'merge_install': False, 'path': '/home/robotica/taller2_grupo15/src/mi_robot_15', 'symlink_install': False, 'test_result_base': None}
[2.897s] INFO:colcon.colcon_core.executor:Executing jobs using 'parallel' executor
[2.911s] DEBUG:colcon.colcon_parallel_executor.executor.parallel:run_until_complete
[2.913s] INFO:colcon.colcon_ros.task.ament_python.build:Building ROS package in '/home/robotica/taller2_grupo15/src/mi_robot_15' with build type 'ament_python'
[2.913s] Level 1:colcon.colcon_core.shell:create_environment_hook('mi_robot_15', 'ament_prefix_path')
[2.970s] INFO:colcon.colcon_core.plugin_system:Skipping extension 'colcon_core.shell.bat': Not used on non-Windows systems
[2.970s] INFO:colcon.colcon_core.shell:Creating environment hook '/home/robotica/taller2_grupo15/install/mi_robot_15/share/mi_robot_15/hook/ament_prefix_path.ps1'
[2.984s] INFO:colcon.colcon_core.shell:Creating environment descriptor '/home/robotica/taller2_grupo15/install/mi_robot_15/share/mi_robot_15/hook/ament_prefix_path.dsv'
[2.987s] INFO:colcon.colcon_core.shell:Creating environment hook '/home/robotica/taller2_grupo15/install/mi_robot_15/share/mi_robot_15/hook/ament_prefix_path.sh'
[2.993s] INFO:colcon.colcon_core.shell:Skip shell extension 'powershell' for command environment: Not usable outside of PowerShell
[2.993s] DEBUG:colcon.colcon_core.shell:Skip shell extension 'dsv' for command environment
[3.521s] INFO:colcon.colcon_core.task.python.build:Building Python package in '/home/robotica/taller2_grupo15/src/mi_robot_15'
[3.523s] INFO:colcon.colcon_core.shell:Skip shell extension 'powershell' for command environment: Not usable outside of PowerShell
[3.523s] DEBUG:colcon.colcon_core.shell:Skip shell extension 'dsv' for command environment
[4.437s] DEBUG:colcon.colcon_core.event_handler.log_command:Invoking command in '/home/robotica/taller2_grupo15/src/mi_robot_15': PYTHONPATH=/home/robotica/taller2_grupo15/build/mi_robot_15/prefix_override:/home/robotica/taller2_grupo15/install/mi_robot_15/lib/python3.10/site-packages:${PYTHONPATH} /usr/bin/python3 setup.py egg_info --egg-base ../../build/mi_robot_15 build --build-base /home/robotica/taller2_grupo15/build/mi_robot_15/build install --record /home/robotica/taller2_grupo15/build/mi_robot_15/install.log --single-version-externally-managed
[4.985s] DEBUG:colcon.colcon_core.event_handler.log_command:Invoked command in '/home/robotica/taller2_grupo15/src/mi_robot_15' returned '0': PYTHONPATH=/home/robotica/taller2_grupo15/build/mi_robot_15/prefix_override:/home/robotica/taller2_grupo15/install/mi_robot_15/lib/python3.10/site-packages:${PYTHONPATH} /usr/bin/python3 setup.py egg_info --egg-base ../../build/mi_robot_15 build --build-base /home/robotica/taller2_grupo15/build/mi_robot_15/build install --record /home/robotica/taller2_grupo15/build/mi_robot_15/install.log --single-version-externally-managed
[5.039s] Level 1:colcon.colcon_core.environment:checking '/home/robotica/taller2_grupo15/install/mi_robot_15' for CMake module files
[5.040s] Level 1:colcon.colcon_core.environment:checking '/home/robotica/taller2_grupo15/install/mi_robot_15' for CMake config files
[5.048s] Level 1:colcon.colcon_core.environment:checking '/home/robotica/taller2_grupo15/install/mi_robot_15/lib'
[5.049s] Level 1:colcon.colcon_core.environment:checking '/home/robotica/taller2_grupo15/install/mi_robot_15/bin'
[5.049s] Level 1:colcon.colcon_core.environment:checking '/home/robotica/taller2_grupo15/install/mi_robot_15/lib/pkgconfig/mi_robot_15.pc'
[5.050s] Level 1:colcon.colcon_core.environment:checking '/home/robotica/taller2_grupo15/install/mi_robot_15/lib/python3.10/site-packages'
[5.050s] Level 1:colcon.colcon_core.shell:create_environment_hook('mi_robot_15', 'pythonpath')
[5.052s] INFO:colcon.colcon_core.shell:Creating environment hook '/home/robotica/taller2_grupo15/install/mi_robot_15/share/mi_robot_15/hook/pythonpath.ps1'
[5.054s] INFO:colcon.colcon_core.shell:Creating environment descriptor '/home/robotica/taller2_grupo15/install/mi_robot_15/share/mi_robot_15/hook/pythonpath.dsv'
[5.056s] INFO:colcon.colcon_core.shell:Creating environment hook '/home/robotica/taller2_grupo15/install/mi_robot_15/share/mi_robot_15/hook/pythonpath.sh'
[5.057s] Level 1:colcon.colcon_core.environment:checking '/home/robotica/taller2_grupo15/install/mi_robot_15/bin'
[5.057s] Level 1:colcon.colcon_core.environment:create_environment_scripts_only(mi_robot_15)
[5.059s] INFO:colcon.colcon_core.shell:Creating package script '/home/robotica/taller2_grupo15/install/mi_robot_15/share/mi_robot_15/package.ps1'
[5.063s] INFO:colcon.colcon_core.shell:Creating package descriptor '/home/robotica/taller2_grupo15/install/mi_robot_15/share/mi_robot_15/package.dsv'
[5.066s] INFO:colcon.colcon_core.shell:Creating package script '/home/robotica/taller2_grupo15/install/mi_robot_15/share/mi_robot_15/package.sh'
[5.070s] INFO:colcon.colcon_core.shell:Creating package script '/home/robotica/taller2_grupo15/install/mi_robot_15/share/mi_robot_15/package.bash'
[5.075s] INFO:colcon.colcon_core.shell:Creating package script '/home/robotica/taller2_grupo15/install/mi_robot_15/share/mi_robot_15/package.zsh'
[5.080s] Level 1:colcon.colcon_core.environment:create_file_with_runtime_dependencies(/home/robotica/taller2_grupo15/install/mi_robot_15/share/colcon-core/packages/mi_robot_15)
[5.081s] DEBUG:colcon.colcon_parallel_executor.executor.parallel:closing loop
[5.081s] DEBUG:colcon.colcon_parallel_executor.executor.parallel:loop closed
[5.082s] DEBUG:colcon.colcon_parallel_executor.executor.parallel:run_until_complete finished with '0'
[5.082s] DEBUG:colcon.colcon_core.event_reactor:joining thread
[5.127s] INFO:colcon.colcon_core.plugin_system:Skipping extension 'colcon_notification.desktop_notification.terminal_notifier': Not used on non-Darwin systems
[5.127s] INFO:colcon.colcon_core.plugin_system:Skipping extension 'colcon_notification.desktop_notification.win32': Not used on non-Windows systems
[5.127s] INFO:colcon.colcon_notification.desktop_notification:Sending desktop notification using 'notify2'
[5.288s] DEBUG:colcon.colcon_core.event_reactor:joined thread
[5.291s] INFO:colcon.colcon_core.shell:Creating prefix script '/home/robotica/taller2_grupo15/install/local_setup.ps1'
[5.294s] INFO:colcon.colcon_core.shell:Creating prefix util module '/home/robotica/taller2_grupo15/install/_local_setup_util_ps1.py'
[5.299s] INFO:colcon.colcon_core.shell:Creating prefix chain script '/home/robotica/taller2_grupo15/install/setup.ps1'
[5.377s] INFO:colcon.colcon_core.shell:Creating prefix script '/home/robotica/taller2_grupo15/install/local_setup.sh'
[5.383s] INFO:colcon.colcon_core.shell:Creating prefix util module '/home/robotica/taller2_grupo15/install/_local_setup_util_sh.py'
[5.384s] INFO:colcon.colcon_core.shell:Creating prefix chain script '/home/robotica/taller2_grupo15/install/setup.sh'
[5.390s] INFO:colcon.colcon_core.shell:Creating prefix script '/home/robotica/taller2_grupo15/install/local_setup.bash'
[5.394s] INFO:colcon.colcon_core.shell:Creating prefix chain script '/home/robotica/taller2_grupo15/install/setup.bash'
[5.398s] INFO:colcon.colcon_core.shell:Creating prefix script '/home/robotica/taller2_grupo15/install/local_setup.zsh'
[5.401s] INFO:colcon.colcon_core.shell:Creating prefix chain script '/home/robotica/taller2_grupo15/install/setup.zsh'
