running egg_info
writing ../../build/mi_robot_15/mi_robot_15.egg-info/PKG-INFO
writing dependency_links to ../../build/mi_robot_15/mi_robot_15.egg-info/dependency_links.txt
writing entry points to ../../build/mi_robot_15/mi_robot_15.egg-info/entry_points.txt
writing requirements to ../../build/mi_robot_15/mi_robot_15.egg-info/requires.txt
writing top-level names to ../../build/mi_robot_15/mi_robot_15.egg-info/top_level.txt
reading manifest file '../../build/mi_robot_15/mi_robot_15.egg-info/SOURCES.txt'
writing manifest file '../../build/mi_robot_15/mi_robot_15.egg-info/SOURCES.txt'
running build
running build_py
/usr/lib/python3/dist-packages/setuptools/command/install.py:34: SetuptoolsDeprecationWarning: setup.py install is deprecated. Use build and pip and other standards-based tools.
  warnings.warn(
copying mi_robot_15/robot_interface.py -> /home/robotica/taller2_grupo15/build/mi_robot_15/build/lib/mi_robot_15
copying mi_robot_15/robot_player.py -> /home/robotica/taller2_grupo15/build/mi_robot_15/build/lib/mi_robot_15
running install
running install_lib
copying /home/robotica/taller2_grupo15/build/mi_robot_15/build/lib/mi_robot_15/robot_interface.py -> /home/robotica/taller2_grupo15/install/mi_robot_15/lib/python3.10/site-packages/mi_robot_15
copying /home/robotica/taller2_grupo15/build/mi_robot_15/build/lib/mi_robot_15/robot_player.py -> /home/robotica/taller2_grupo15/install/mi_robot_15/lib/python3.10/site-packages/mi_robot_15
byte-compiling /home/robotica/taller2_grupo15/install/mi_robot_15/lib/python3.10/site-packages/mi_robot_15/robot_interface.py to robot_interface.cpython-310.pyc
byte-compiling /home/robotica/taller2_grupo15/install/mi_robot_15/lib/python3.10/site-packages/mi_robot_15/robot_player.py to robot_player.cpython-310.pyc
running install_data
running install_egg_info
removing '/home/robotica/taller2_grupo15/install/mi_robot_15/lib/python3.10/site-packages/mi_robot_15-0.0.0-py3.10.egg-info' (and everything under it)
Copying ../../build/mi_robot_15/mi_robot_15.egg-info to /home/robotica/taller2_grupo15/install/mi_robot_15/lib/python3.10/site-packages/mi_robot_15-0.0.0-py3.10.egg-info
running install_scripts
Installing robot_interface script to /home/robotica/taller2_grupo15/install/mi_robot_15/lib/mi_robot_15
Installing robot_player script to /home/robotica/taller2_grupo15/install/mi_robot_15/lib/mi_robot_15
Installing robot_teleop script to /home/robotica/taller2_grupo15/install/mi_robot_15/lib/mi_robot_15
writing list of installed files to '/home/robotica/taller2_grupo15/build/mi_robot_15/install.log'
