[1.758s] Invoking command in '/home/robotica/taller2_grupo15/src/mi_robot_15': PYTHONPATH=/home/robotica/taller2_grupo15/build/mi_robot_15/prefix_override:/home/robotica/taller2_grupo15/install/mi_robot_15/lib/python3.10/site-packages:${PYTHONPATH} /usr/bin/python3 setup.py egg_info --egg-base ../../build/mi_robot_15 build --build-base /home/robotica/taller2_grupo15/build/mi_robot_15/build install --record /home/robotica/taller2_grupo15/build/mi_robot_15/install.log --single-version-externally-managed
[2.455s] running egg_info
[2.456s] creating ../../build/mi_robot_15/mi_robot_15.egg-info
[2.457s] writing ../../build/mi_robot_15/mi_robot_15.egg-info/PKG-INFO
[2.458s] writing dependency_links to ../../build/mi_robot_15/mi_robot_15.egg-info/dependency_links.txt
[2.459s] writing entry points to ../../build/mi_robot_15/mi_robot_15.egg-info/entry_points.txt
[2.459s] writing requirements to ../../build/mi_robot_15/mi_robot_15.egg-info/requires.txt
[2.460s] writing top-level names to ../../build/mi_robot_15/mi_robot_15.egg-info/top_level.txt
[2.460s] writing manifest file '../../build/mi_robot_15/mi_robot_15.egg-info/SOURCES.txt'
[2.469s] reading manifest file '../../build/mi_robot_15/mi_robot_15.egg-info/SOURCES.txt'
[2.482s] writing manifest file '../../build/mi_robot_15/mi_robot_15.egg-info/SOURCES.txt'
[2.482s] running build
[2.482s] running build_py
[2.483s] creating /home/robotica/taller2_grupo15/build/mi_robot_15/build
[2.483s] creating /home/robotica/taller2_grupo15/build/mi_robot_15/build/lib
[2.484s] creating /home/robotica/taller2_grupo15/build/mi_robot_15/build/lib/mi_robot_15
[2.484s] copying mi_robot_15/__init__.py -> /home/robotica/taller2_grupo15/build/mi_robot_15/build/lib/mi_robot_15
[2.484s] copying mi_robot_15/robot_teleop.py -> /home/robotica/taller2_grupo15/build/mi_robot_15/build/lib/mi_robot_15
[2.484s] running install
[2.484s] running install_lib
[2.484s] creating /home/robotica/taller2_grupo15/install/mi_robot_15/lib/python3.10/site-packages/mi_robot_15
[2.485s] copying /home/robotica/taller2_grupo15/build/mi_robot_15/build/lib/mi_robot_15/__init__.py -> /home/robotica/taller2_grupo15/install/mi_robot_15/lib/python3.10/site-packages/mi_robot_15
[2.485s] copying /home/robotica/taller2_grupo15/build/mi_robot_15/build/lib/mi_robot_15/robot_teleop.py -> /home/robotica/taller2_grupo15/install/mi_robot_15/lib/python3.10/site-packages/mi_robot_15
[2.485s] /usr/lib/python3/dist-packages/setuptools/command/install.py:34: SetuptoolsDeprecationWarning: setup.py install is deprecated. Use build and pip and other standards-based tools.
[2.485s]   warnings.warn(
[2.497s] byte-compiling /home/robotica/taller2_grupo15/install/mi_robot_15/lib/python3.10/site-packages/mi_robot_15/__init__.py to __init__.cpython-310.pyc
[2.504s] byte-compiling /home/robotica/taller2_grupo15/install/mi_robot_15/lib/python3.10/site-packages/mi_robot_15/robot_teleop.py to robot_teleop.cpython-310.pyc
[2.504s] running install_data
[2.505s] creating /home/robotica/taller2_grupo15/install/mi_robot_15/share/ament_index
[2.510s] creating /home/robotica/taller2_grupo15/install/mi_robot_15/share/ament_index/resource_index
[2.511s] creating /home/robotica/taller2_grupo15/install/mi_robot_15/share/ament_index/resource_index/packages
[2.512s] copying resource/mi_robot_15 -> /home/robotica/taller2_grupo15/install/mi_robot_15/share/ament_index/resource_index/packages
[2.512s] copying package.xml -> /home/robotica/taller2_grupo15/install/mi_robot_15/share/mi_robot_15
[2.512s] running install_egg_info
[2.523s] Copying ../../build/mi_robot_15/mi_robot_15.egg-info to /home/robotica/taller2_grupo15/install/mi_robot_15/lib/python3.10/site-packages/mi_robot_15-0.0.0-py3.10.egg-info
[2.534s] running install_scripts
[2.617s] Installing robot_teleop script to /home/robotica/taller2_grupo15/install/mi_robot_15/lib/mi_robot_15
[2.617s] writing list of installed files to '/home/robotica/taller2_grupo15/build/mi_robot_15/install.log'
[2.716s] Invoked command in '/home/robotica/taller2_grupo15/src/mi_robot_15' returned '0': PYTHONPATH=/home/robotica/taller2_grupo15/build/mi_robot_15/prefix_override:/home/robotica/taller2_grupo15/install/mi_robot_15/lib/python3.10/site-packages:${PYTHONPATH} /usr/bin/python3 setup.py egg_info --egg-base ../../build/mi_robot_15 build --build-base /home/robotica/taller2_grupo15/build/mi_robot_15/build install --record /home/robotica/taller2_grupo15/build/mi_robot_15/install.log --single-version-externally-managed
