[2.353s] DEBUG:colcon:Command line arguments: ['/usr/bin/colcon', 'build']
[2.353s] DEBUG:colcon:Parsed command line arguments: Namespace(log_base=None, log_level=None, verb_name='build', build_base='build', install_base='install', merge_install=False, symlink_install=False, test_result_base=None, continue_on_error=False, executor='parallel', parallel_workers=4, event_handlers=None, ignore_user_meta=False, metas=['./colcon.meta'], base_paths=['.'], packages_ignore=None, packages_ignore_regex=None, paths=None, packages_up_to=None, packages_up_to_regex=None, packages_above=None, packages_above_and_dependencies=None, packages_above_depth=None, packages_select_by_dep=None, packages_skip_by_dep=None, packages_skip_up_to=None, packages_select_build_failed=False, packages_skip_build_finished=False, packages_select_test_failures=False, packages_skip_test_passed=False, packages_select=None, packages_skip=None, packages_select_regex=None, packages_skip_regex=None, packages_start=None, packages_end=None, allow_overriding=[], cmake_args=None, cmake_target=None, cmake_target_skip_unavailable=False, cmake_clean_cache=False, cmake_clean_first=False, cmake_force_configure=False, ament_cmake_args=None, catkin_cmake_args=None, catkin_skip_building_tests=False, verb_parser=<colcon_defaults.argument_parser.defaults.DefaultArgumentsDecorator object at 0x7f4c2c9b5930>, verb_extension=<colcon_core.verb.build.BuildVerb object at 0x7f4c2d1c6890>, main=<bound method BuildVerb.main of <colcon_core.verb.build.BuildVerb object at 0x7f4c2d1c6890>>)
[2.581s] Level 1:colcon.colcon_core.package_discovery:discover_packages(colcon_meta) check parameters
[2.581s] Level 1:colcon.colcon_core.package_discovery:discover_packages(recursive) check parameters
[2.581s] Level 1:colcon.colcon_core.package_discovery:discover_packages(ignore) check parameters
[2.581s] Level 1:colcon.colcon_core.package_discovery:discover_packages(path) check parameters
[2.581s] Level 1:colcon.colcon_core.package_discovery:discover_packages(colcon_meta) discover
[2.582s] Level 1:colcon.colcon_core.package_discovery:discover_packages(recursive) discover
[2.582s] INFO:colcon.colcon_core.package_discovery:Crawling recursively for packages in '/home/robotica/taller2_grupo15'
[2.582s] Level 1:colcon.colcon_core.package_identification:_identify(.) by extensions ['ignore', 'ignore_ament_install']
[2.583s] Level 1:colcon.colcon_core.package_identification:_identify(.) by extension 'ignore'
[2.583s] Level 1:colcon.colcon_core.package_identification:_identify(.) by extension 'ignore_ament_install'
[2.583s] Level 1:colcon.colcon_core.package_identification:_identify(.) by extensions ['colcon_pkg']
[2.583s] Level 1:colcon.colcon_core.package_identification:_identify(.) by extension 'colcon_pkg'
[2.584s] Level 1:colcon.colcon_core.package_identification:_identify(.) by extensions ['colcon_meta']
[2.584s] Level 1:colcon.colcon_core.package_identification:_identify(.) by extension 'colcon_meta'
[2.584s] Level 1:colcon.colcon_core.package_identification:_identify(.) by extensions ['ros']
[2.584s] Level 1:colcon.colcon_core.package_identification:_identify(.) by extension 'ros'
[2.681s] Level 1:colcon.colcon_core.package_identification:_identify(.) by extensions ['cmake', 'python']
[2.681s] Level 1:colcon.colcon_core.package_identification:_identify(.) by extension 'cmake'
[2.681s] Level 1:colcon.colcon_core.package_identification:_identify(.) by extension 'python'
[2.681s] Level 1:colcon.colcon_core.package_identification:_identify(.) by extensions ['python_setup_py']
[2.681s] Level 1:colcon.colcon_core.package_identification:_identify(.) by extension 'python_setup_py'
[2.682s] Level 1:colcon.colcon_core.package_identification:_identify(build) by extensions ['ignore', 'ignore_ament_install']
[2.685s] Level 1:colcon.colcon_core.package_identification:_identify(build) by extension 'ignore'
[2.685s] Level 1:colcon.colcon_core.package_identification:_identify(build) ignored
[2.686s] Level 1:colcon.colcon_core.package_identification:_identify(install) by extensions ['ignore', 'ignore_ament_install']
[2.687s] Level 1:colcon.colcon_core.package_identification:_identify(install) by extension 'ignore'
[2.687s] Level 1:colcon.colcon_core.package_identification:_identify(install) ignored
[2.688s] Level 1:colcon.colcon_core.package_identification:_identify(log) by extensions ['ignore', 'ignore_ament_install']
[2.689s] Level 1:colcon.colcon_core.package_identification:_identify(log) by extension 'ignore'
[2.689s] Level 1:colcon.colcon_core.package_identification:_identify(log) ignored
[2.690s] Level 1:colcon.colcon_core.package_identification:_identify(robot_effector) by extensions ['ignore', 'ignore_ament_install']
[2.690s] Level 1:colcon.colcon_core.package_identification:_identify(robot_effector) by extension 'ignore'
[2.690s] Level 1:colcon.colcon_core.package_identification:_identify(robot_effector) by extension 'ignore_ament_install'
[2.691s] Level 1:colcon.colcon_core.package_identification:_identify(robot_effector) by extensions ['colcon_pkg']
[2.691s] Level 1:colcon.colcon_core.package_identification:_identify(robot_effector) by extension 'colcon_pkg'
[2.691s] Level 1:colcon.colcon_core.package_identification:_identify(robot_effector) by extensions ['colcon_meta']
[2.691s] Level 1:colcon.colcon_core.package_identification:_identify(robot_effector) by extension 'colcon_meta'
[2.692s] Level 1:colcon.colcon_core.package_identification:_identify(robot_effector) by extensions ['ros']
[2.692s] Level 1:colcon.colcon_core.package_identification:_identify(robot_effector) by extension 'ros'
[2.692s] Level 1:colcon.colcon_core.package_identification:_identify(robot_effector) by extensions ['cmake', 'python']
[2.692s] Level 1:colcon.colcon_core.package_identification:_identify(robot_effector) by extension 'cmake'
[2.692s] Level 1:colcon.colcon_core.package_identification:_identify(robot_effector) by extension 'python'
[2.692s] Level 1:colcon.colcon_core.package_identification:_identify(robot_effector) by extensions ['python_setup_py']
[2.692s] Level 1:colcon.colcon_core.package_identification:_identify(robot_effector) by extension 'python_setup_py'
[2.693s] Level 1:colcon.colcon_core.package_identification:_identify(robot_effector/motoresRobot) by extensions ['ignore', 'ignore_ament_install']
[2.693s] Level 1:colcon.colcon_core.package_identification:_identify(robot_effector/motoresRobot) by extension 'ignore'
[2.693s] Level 1:colcon.colcon_core.package_identification:_identify(robot_effector/motoresRobot) by extension 'ignore_ament_install'
[2.693s] Level 1:colcon.colcon_core.package_identification:_identify(robot_effector/motoresRobot) by extensions ['colcon_pkg']
[2.693s] Level 1:colcon.colcon_core.package_identification:_identify(robot_effector/motoresRobot) by extension 'colcon_pkg'
[2.693s] Level 1:colcon.colcon_core.package_identification:_identify(robot_effector/motoresRobot) by extensions ['colcon_meta']
[2.693s] Level 1:colcon.colcon_core.package_identification:_identify(robot_effector/motoresRobot) by extension 'colcon_meta'
[2.694s] Level 1:colcon.colcon_core.package_identification:_identify(robot_effector/motoresRobot) by extensions ['ros']
[2.694s] Level 1:colcon.colcon_core.package_identification:_identify(robot_effector/motoresRobot) by extension 'ros'
[2.694s] Level 1:colcon.colcon_core.package_identification:_identify(robot_effector/motoresRobot) by extensions ['cmake', 'python']
[2.694s] Level 1:colcon.colcon_core.package_identification:_identify(robot_effector/motoresRobot) by extension 'cmake'
[2.694s] Level 1:colcon.colcon_core.package_identification:_identify(robot_effector/motoresRobot) by extension 'python'
[2.694s] Level 1:colcon.colcon_core.package_identification:_identify(robot_effector/motoresRobot) by extensions ['python_setup_py']
[2.694s] Level 1:colcon.colcon_core.package_identification:_identify(robot_effector/motoresRobot) by extension 'python_setup_py'
[2.695s] Level 1:colcon.colcon_core.package_identification:_identify(src) by extensions ['ignore', 'ignore_ament_install']
[2.696s] Level 1:colcon.colcon_core.package_identification:_identify(src) by extension 'ignore'
[2.696s] Level 1:colcon.colcon_core.package_identification:_identify(src) by extension 'ignore_ament_install'
[2.696s] Level 1:colcon.colcon_core.package_identification:_identify(src) by extensions ['colcon_pkg']
[2.696s] Level 1:colcon.colcon_core.package_identification:_identify(src) by extension 'colcon_pkg'
[2.696s] Level 1:colcon.colcon_core.package_identification:_identify(src) by extensions ['colcon_meta']
[2.696s] Level 1:colcon.colcon_core.package_identification:_identify(src) by extension 'colcon_meta'
[2.696s] Level 1:colcon.colcon_core.package_identification:_identify(src) by extensions ['ros']
[2.696s] Level 1:colcon.colcon_core.package_identification:_identify(src) by extension 'ros'
[2.696s] Level 1:colcon.colcon_core.package_identification:_identify(src) by extensions ['cmake', 'python']
[2.696s] Level 1:colcon.colcon_core.package_identification:_identify(src) by extension 'cmake'
[2.697s] Level 1:colcon.colcon_core.package_identification:_identify(src) by extension 'python'
[2.697s] Level 1:colcon.colcon_core.package_identification:_identify(src) by extensions ['python_setup_py']
[2.697s] Level 1:colcon.colcon_core.package_identification:_identify(src) by extension 'python_setup_py'
[2.697s] Level 1:colcon.colcon_core.package_identification:_identify(src/mi_robot_15) by extensions ['ignore', 'ignore_ament_install']
[2.698s] Level 1:colcon.colcon_core.package_identification:_identify(src/mi_robot_15) by extension 'ignore'
[2.698s] Level 1:colcon.colcon_core.package_identification:_identify(src/mi_robot_15) by extension 'ignore_ament_install'
[2.698s] Level 1:colcon.colcon_core.package_identification:_identify(src/mi_robot_15) by extensions ['colcon_pkg']
[2.698s] Level 1:colcon.colcon_core.package_identification:_identify(src/mi_robot_15) by extension 'colcon_pkg'
[2.699s] Level 1:colcon.colcon_core.package_identification:_identify(src/mi_robot_15) by extensions ['colcon_meta']
[2.699s] Level 1:colcon.colcon_core.package_identification:_identify(src/mi_robot_15) by extension 'colcon_meta'
[2.699s] Level 1:colcon.colcon_core.package_identification:_identify(src/mi_robot_15) by extensions ['ros']
[2.699s] Level 1:colcon.colcon_core.package_identification:_identify(src/mi_robot_15) by extension 'ros'
[2.719s] DEBUG:colcon.colcon_core.package_identification:Package 'src/mi_robot_15' with type 'ros.ament_python' and name 'mi_robot_15'
[2.719s] Level 1:colcon.colcon_core.package_discovery:discover_packages(recursive) using defaults
[2.720s] Level 1:colcon.colcon_core.package_discovery:discover_packages(ignore) discover
[2.720s] Level 1:colcon.colcon_core.package_discovery:discover_packages(ignore) using defaults
[2.720s] Level 1:colcon.colcon_core.package_discovery:discover_packages(path) discover
[2.720s] Level 1:colcon.colcon_core.package_discovery:discover_packages(path) using defaults
[2.916s] Level 1:colcon.colcon_core.package_discovery:discover_packages(prefix_path) check parameters
[2.916s] Level 1:colcon.colcon_core.package_discovery:discover_packages(prefix_path) discover
[2.935s] DEBUG:colcon.colcon_installed_package_information.package_discovery:Found 1 installed packages in /home/robotica/taller2_grupo15/install
[2.941s] DEBUG:colcon.colcon_installed_package_information.package_discovery:Found 270 installed packages in /opt/ros/humble
[2.955s] Level 1:colcon.colcon_core.package_discovery:discover_packages(prefix_path) using defaults
[3.237s] Level 5:colcon.colcon_core.verb:set package 'mi_robot_15' build argument 'cmake_args' from command line to 'None'
[3.238s] Level 5:colcon.colcon_core.verb:set package 'mi_robot_15' build argument 'cmake_target' from command line to 'None'
[3.238s] Level 5:colcon.colcon_core.verb:set package 'mi_robot_15' build argument 'cmake_target_skip_unavailable' from command line to 'False'
[3.238s] Level 5:colcon.colcon_core.verb:set package 'mi_robot_15' build argument 'cmake_clean_cache' from command line to 'False'
[3.238s] Level 5:colcon.colcon_core.verb:set package 'mi_robot_15' build argument 'cmake_clean_first' from command line to 'False'
[3.238s] Level 5:colcon.colcon_core.verb:set package 'mi_robot_15' build argument 'cmake_force_configure' from command line to 'False'
[3.238s] Level 5:colcon.colcon_core.verb:set package 'mi_robot_15' build argument 'ament_cmake_args' from command line to 'None'
[3.238s] Level 5:colcon.colcon_core.verb:set package 'mi_robot_15' build argument 'catkin_cmake_args' from command line to 'None'
[3.238s] Level 5:colcon.colcon_core.verb:set package 'mi_robot_15' build argument 'catkin_skip_building_tests' from command line to 'False'
[3.238s] DEBUG:colcon.colcon_core.verb:Building package 'mi_robot_15' with the following arguments: {'ament_cmake_args': None, 'build_base': '/home/robotica/taller2_grupo15/build/mi_robot_15', 'catkin_cmake_args': None, 'catkin_skip_building_tests': False, 'cmake_args': None, 'cmake_clean_cache': False, 'cmake_clean_first': False, 'cmake_force_configure': False, 'cmake_target': None, 'cmake_target_skip_unavailable': False, 'install_base': '/home/robotica/taller2_grupo15/install/mi_robot_15', 'merge_install': False, 'path': '/home/robotica/taller2_grupo15/src/mi_robot_15', 'symlink_install': False, 'test_result_base': None}
[3.240s] INFO:colcon.colcon_core.executor:Executing jobs using 'parallel' executor
[3.254s] DEBUG:colcon.colcon_parallel_executor.executor.parallel:run_until_complete
[3.257s] INFO:colcon.colcon_ros.task.ament_python.build:Building ROS package in '/home/robotica/taller2_grupo15/src/mi_robot_15' with build type 'ament_python'
[3.257s] Level 1:colcon.colcon_core.shell:create_environment_hook('mi_robot_15', 'ament_prefix_path')
[3.285s] INFO:colcon.colcon_core.plugin_system:Skipping extension 'colcon_core.shell.bat': Not used on non-Windows systems
[3.286s] INFO:colcon.colcon_core.shell:Creating environment hook '/home/robotica/taller2_grupo15/install/mi_robot_15/share/mi_robot_15/hook/ament_prefix_path.ps1'
[3.289s] INFO:colcon.colcon_core.shell:Creating environment descriptor '/home/robotica/taller2_grupo15/install/mi_robot_15/share/mi_robot_15/hook/ament_prefix_path.dsv'
[3.292s] INFO:colcon.colcon_core.shell:Creating environment hook '/home/robotica/taller2_grupo15/install/mi_robot_15/share/mi_robot_15/hook/ament_prefix_path.sh'
[3.296s] INFO:colcon.colcon_core.shell:Skip shell extension 'powershell' for command environment: Not usable outside of PowerShell
[3.296s] DEBUG:colcon.colcon_core.shell:Skip shell extension 'dsv' for command environment
[4.170s] INFO:colcon.colcon_core.task.python.build:Building Python package in '/home/robotica/taller2_grupo15/src/mi_robot_15'
[4.175s] INFO:colcon.colcon_core.shell:Skip shell extension 'powershell' for command environment: Not usable outside of PowerShell
[4.175s] DEBUG:colcon.colcon_core.shell:Skip shell extension 'dsv' for command environment
[5.588s] DEBUG:colcon.colcon_core.event_handler.log_command:Invoking command in '/home/robotica/taller2_grupo15/src/mi_robot_15': PYTHONPATH=/home/robotica/taller2_grupo15/build/mi_robot_15/prefix_override:/home/robotica/taller2_grupo15/install/mi_robot_15/lib/python3.10/site-packages:${PYTHONPATH} /usr/bin/python3 setup.py egg_info --egg-base ../../build/mi_robot_15 build --build-base /home/robotica/taller2_grupo15/build/mi_robot_15/build install --record /home/robotica/taller2_grupo15/build/mi_robot_15/install.log --single-version-externally-managed
[6.611s] DEBUG:colcon.colcon_core.event_handler.log_command:Invoked command in '/home/robotica/taller2_grupo15/src/mi_robot_15' returned '0': PYTHONPATH=/home/robotica/taller2_grupo15/build/mi_robot_15/prefix_override:/home/robotica/taller2_grupo15/install/mi_robot_15/lib/python3.10/site-packages:${PYTHONPATH} /usr/bin/python3 setup.py egg_info --egg-base ../../build/mi_robot_15 build --build-base /home/robotica/taller2_grupo15/build/mi_robot_15/build install --record /home/robotica/taller2_grupo15/build/mi_robot_15/install.log --single-version-externally-managed
[6.651s] Level 1:colcon.colcon_core.environment:checking '/home/robotica/taller2_grupo15/install/mi_robot_15' for CMake module files
[6.653s] Level 1:colcon.colcon_core.environment:checking '/home/robotica/taller2_grupo15/install/mi_robot_15' for CMake config files
[6.658s] Level 1:colcon.colcon_core.environment:checking '/home/robotica/taller2_grupo15/install/mi_robot_15/lib'
[6.659s] Level 1:colcon.colcon_core.environment:checking '/home/robotica/taller2_grupo15/install/mi_robot_15/bin'
[6.660s] Level 1:colcon.colcon_core.environment:checking '/home/robotica/taller2_grupo15/install/mi_robot_15/lib/pkgconfig/mi_robot_15.pc'
[6.660s] Level 1:colcon.colcon_core.environment:checking '/home/robotica/taller2_grupo15/install/mi_robot_15/lib/python3.10/site-packages'
[6.661s] Level 1:colcon.colcon_core.shell:create_environment_hook('mi_robot_15', 'pythonpath')
[6.665s] INFO:colcon.colcon_core.shell:Creating environment hook '/home/robotica/taller2_grupo15/install/mi_robot_15/share/mi_robot_15/hook/pythonpath.ps1'
[6.667s] INFO:colcon.colcon_core.shell:Creating environment descriptor '/home/robotica/taller2_grupo15/install/mi_robot_15/share/mi_robot_15/hook/pythonpath.dsv'
[6.670s] INFO:colcon.colcon_core.shell:Creating environment hook '/home/robotica/taller2_grupo15/install/mi_robot_15/share/mi_robot_15/hook/pythonpath.sh'
[6.672s] Level 1:colcon.colcon_core.environment:checking '/home/robotica/taller2_grupo15/install/mi_robot_15/bin'
[6.673s] Level 1:colcon.colcon_core.environment:create_environment_scripts_only(mi_robot_15)
[6.676s] INFO:colcon.colcon_core.shell:Creating package script '/home/robotica/taller2_grupo15/install/mi_robot_15/share/mi_robot_15/package.ps1'
[6.683s] INFO:colcon.colcon_core.shell:Creating package descriptor '/home/robotica/taller2_grupo15/install/mi_robot_15/share/mi_robot_15/package.dsv'
[6.690s] INFO:colcon.colcon_core.shell:Creating package script '/home/robotica/taller2_grupo15/install/mi_robot_15/share/mi_robot_15/package.sh'
[6.693s] INFO:colcon.colcon_core.shell:Creating package script '/home/robotica/taller2_grupo15/install/mi_robot_15/share/mi_robot_15/package.bash'
[6.700s] INFO:colcon.colcon_core.shell:Creating package script '/home/robotica/taller2_grupo15/install/mi_robot_15/share/mi_robot_15/package.zsh'
[6.709s] Level 1:colcon.colcon_core.environment:create_file_with_runtime_dependencies(/home/robotica/taller2_grupo15/install/mi_robot_15/share/colcon-core/packages/mi_robot_15)
[6.721s] DEBUG:colcon.colcon_parallel_executor.executor.parallel:closing loop
[6.722s] DEBUG:colcon.colcon_parallel_executor.executor.parallel:loop closed
[6.722s] DEBUG:colcon.colcon_parallel_executor.executor.parallel:run_until_complete finished with '0'
[6.723s] DEBUG:colcon.colcon_core.event_reactor:joining thread
[6.758s] INFO:colcon.colcon_core.plugin_system:Skipping extension 'colcon_notification.desktop_notification.terminal_notifier': Not used on non-Darwin systems
[6.758s] INFO:colcon.colcon_core.plugin_system:Skipping extension 'colcon_notification.desktop_notification.win32': Not used on non-Windows systems
[6.759s] INFO:colcon.colcon_notification.desktop_notification:Sending desktop notification using 'notify2'
[6.951s] DEBUG:colcon.colcon_core.event_reactor:joined thread
[6.954s] INFO:colcon.colcon_core.shell:Creating prefix script '/home/robotica/taller2_grupo15/install/local_setup.ps1'
[6.959s] INFO:colcon.colcon_core.shell:Creating prefix util module '/home/robotica/taller2_grupo15/install/_local_setup_util_ps1.py'
[6.969s] INFO:colcon.colcon_core.shell:Creating prefix chain script '/home/robotica/taller2_grupo15/install/setup.ps1'
[6.973s] INFO:colcon.colcon_core.shell:Creating prefix script '/home/robotica/taller2_grupo15/install/local_setup.sh'
[6.976s] INFO:colcon.colcon_core.shell:Creating prefix util module '/home/robotica/taller2_grupo15/install/_local_setup_util_sh.py'
[6.979s] INFO:colcon.colcon_core.shell:Creating prefix chain script '/home/robotica/taller2_grupo15/install/setup.sh'
[6.986s] INFO:colcon.colcon_core.shell:Creating prefix script '/home/robotica/taller2_grupo15/install/local_setup.bash'
[6.989s] INFO:colcon.colcon_core.shell:Creating prefix chain script '/home/robotica/taller2_grupo15/install/setup.bash'
[6.995s] INFO:colcon.colcon_core.shell:Creating prefix script '/home/robotica/taller2_grupo15/install/local_setup.zsh'
[6.998s] INFO:colcon.colcon_core.shell:Creating prefix chain script '/home/robotica/taller2_grupo15/install/setup.zsh'
