[0.455s] DEBUG:colcon:Command line arguments: ['/usr/bin/colcon', 'build']
[0.455s] DEBUG:colcon:Parsed command line arguments: Namespace(log_base=None, log_level=None, verb_name='build', build_base='build', install_base='install', merge_install=False, symlink_install=False, test_result_base=None, continue_on_error=False, executor='parallel', parallel_workers=4, event_handlers=None, ignore_user_meta=False, metas=['./colcon.meta'], base_paths=['.'], packages_ignore=None, packages_ignore_regex=None, paths=None, packages_up_to=None, packages_up_to_regex=None, packages_above=None, packages_above_and_dependencies=None, packages_above_depth=None, packages_select_by_dep=None, packages_skip_by_dep=None, packages_skip_up_to=None, packages_select_build_failed=False, packages_skip_build_finished=False, packages_select_test_failures=False, packages_skip_test_passed=False, packages_select=None, packages_skip=None, packages_select_regex=None, packages_skip_regex=None, packages_start=None, packages_end=None, allow_overriding=[], cmake_args=None, cmake_target=None, cmake_target_skip_unavailable=False, cmake_clean_cache=False, cmake_clean_first=False, cmake_force_configure=False, ament_cmake_args=None, catkin_cmake_args=None, catkin_skip_building_tests=False, verb_parser=<colcon_defaults.argument_parser.defaults.DefaultArgumentsDecorator object at 0x7f19c29bd990>, verb_extension=<colcon_core.verb.build.BuildVerb object at 0x7f19c31c8040>, main=<bound method BuildVerb.main of <colcon_core.verb.build.BuildVerb object at 0x7f19c31c8040>>)
[0.513s] Level 1:colcon.colcon_core.package_discovery:discover_packages(colcon_meta) check parameters
[0.513s] Level 1:colcon.colcon_core.package_discovery:discover_packages(recursive) check parameters
[0.513s] Level 1:colcon.colcon_core.package_discovery:discover_packages(ignore) check parameters
[0.513s] Level 1:colcon.colcon_core.package_discovery:discover_packages(path) check parameters
[0.513s] Level 1:colcon.colcon_core.package_discovery:discover_packages(colcon_meta) discover
[0.514s] Level 1:colcon.colcon_core.package_discovery:discover_packages(recursive) discover
[0.514s] INFO:colcon.colcon_core.package_discovery:Crawling recursively for packages in '/home/robotica/taller2_grupo15'
[0.514s] Level 1:colcon.colcon_core.package_identification:_identify(.) by extensions ['ignore', 'ignore_ament_install']
[0.514s] Level 1:colcon.colcon_core.package_identification:_identify(.) by extension 'ignore'
[0.515s] Level 1:colcon.colcon_core.package_identification:_identify(.) by extension 'ignore_ament_install'
[0.515s] Level 1:colcon.colcon_core.package_identification:_identify(.) by extensions ['colcon_pkg']
[0.515s] Level 1:colcon.colcon_core.package_identification:_identify(.) by extension 'colcon_pkg'
[0.515s] Level 1:colcon.colcon_core.package_identification:_identify(.) by extensions ['colcon_meta']
[0.515s] Level 1:colcon.colcon_core.package_identification:_identify(.) by extension 'colcon_meta'
[0.515s] Level 1:colcon.colcon_core.package_identification:_identify(.) by extensions ['ros']
[0.515s] Level 1:colcon.colcon_core.package_identification:_identify(.) by extension 'ros'
[0.532s] Level 1:colcon.colcon_core.package_identification:_identify(.) by extensions ['cmake', 'python']
[0.532s] Level 1:colcon.colcon_core.package_identification:_identify(.) by extension 'cmake'
[0.532s] Level 1:colcon.colcon_core.package_identification:_identify(.) by extension 'python'
[0.532s] Level 1:colcon.colcon_core.package_identification:_identify(.) by extensions ['python_setup_py']
[0.532s] Level 1:colcon.colcon_core.package_identification:_identify(.) by extension 'python_setup_py'
[0.532s] Level 1:colcon.colcon_core.package_identification:_identify(build) by extensions ['ignore', 'ignore_ament_install']
[0.532s] Level 1:colcon.colcon_core.package_identification:_identify(build) by extension 'ignore'
[0.532s] Level 1:colcon.colcon_core.package_identification:_identify(build) ignored
[0.533s] Level 1:colcon.colcon_core.package_identification:_identify(install) by extensions ['ignore', 'ignore_ament_install']
[0.533s] Level 1:colcon.colcon_core.package_identification:_identify(install) by extension 'ignore'
[0.533s] Level 1:colcon.colcon_core.package_identification:_identify(install) ignored
[0.533s] Level 1:colcon.colcon_core.package_identification:_identify(log) by extensions ['ignore', 'ignore_ament_install']
[0.533s] Level 1:colcon.colcon_core.package_identification:_identify(log) by extension 'ignore'
[0.533s] Level 1:colcon.colcon_core.package_identification:_identify(log) ignored
[0.533s] Level 1:colcon.colcon_core.package_identification:_identify(robot_effector) by extensions ['ignore', 'ignore_ament_install']
[0.533s] Level 1:colcon.colcon_core.package_identification:_identify(robot_effector) by extension 'ignore'
[0.533s] Level 1:colcon.colcon_core.package_identification:_identify(robot_effector) by extension 'ignore_ament_install'
[0.533s] Level 1:colcon.colcon_core.package_identification:_identify(robot_effector) by extensions ['colcon_pkg']
[0.533s] Level 1:colcon.colcon_core.package_identification:_identify(robot_effector) by extension 'colcon_pkg'
[0.533s] Level 1:colcon.colcon_core.package_identification:_identify(robot_effector) by extensions ['colcon_meta']
[0.533s] Level 1:colcon.colcon_core.package_identification:_identify(robot_effector) by extension 'colcon_meta'
[0.533s] Level 1:colcon.colcon_core.package_identification:_identify(robot_effector) by extensions ['ros']
[0.533s] Level 1:colcon.colcon_core.package_identification:_identify(robot_effector) by extension 'ros'
[0.534s] Level 1:colcon.colcon_core.package_identification:_identify(robot_effector) by extensions ['cmake', 'python']
[0.534s] Level 1:colcon.colcon_core.package_identification:_identify(robot_effector) by extension 'cmake'
[0.534s] Level 1:colcon.colcon_core.package_identification:_identify(robot_effector) by extension 'python'
[0.534s] Level 1:colcon.colcon_core.package_identification:_identify(robot_effector) by extensions ['python_setup_py']
[0.534s] Level 1:colcon.colcon_core.package_identification:_identify(robot_effector) by extension 'python_setup_py'
[0.534s] Level 1:colcon.colcon_core.package_identification:_identify(robot_effector/motoresRobot) by extensions ['ignore', 'ignore_ament_install']
[0.534s] Level 1:colcon.colcon_core.package_identification:_identify(robot_effector/motoresRobot) by extension 'ignore'
[0.534s] Level 1:colcon.colcon_core.package_identification:_identify(robot_effector/motoresRobot) by extension 'ignore_ament_install'
[0.534s] Level 1:colcon.colcon_core.package_identification:_identify(robot_effector/motoresRobot) by extensions ['colcon_pkg']
[0.534s] Level 1:colcon.colcon_core.package_identification:_identify(robot_effector/motoresRobot) by extension 'colcon_pkg'
[0.534s] Level 1:colcon.colcon_core.package_identification:_identify(robot_effector/motoresRobot) by extensions ['colcon_meta']
[0.534s] Level 1:colcon.colcon_core.package_identification:_identify(robot_effector/motoresRobot) by extension 'colcon_meta'
[0.534s] Level 1:colcon.colcon_core.package_identification:_identify(robot_effector/motoresRobot) by extensions ['ros']
[0.534s] Level 1:colcon.colcon_core.package_identification:_identify(robot_effector/motoresRobot) by extension 'ros'
[0.534s] Level 1:colcon.colcon_core.package_identification:_identify(robot_effector/motoresRobot) by extensions ['cmake', 'python']
[0.534s] Level 1:colcon.colcon_core.package_identification:_identify(robot_effector/motoresRobot) by extension 'cmake'
[0.534s] Level 1:colcon.colcon_core.package_identification:_identify(robot_effector/motoresRobot) by extension 'python'
[0.535s] Level 1:colcon.colcon_core.package_identification:_identify(robot_effector/motoresRobot) by extensions ['python_setup_py']
[0.535s] Level 1:colcon.colcon_core.package_identification:_identify(robot_effector/motoresRobot) by extension 'python_setup_py'
[0.535s] Level 1:colcon.colcon_core.package_identification:_identify(src) by extensions ['ignore', 'ignore_ament_install']
[0.535s] Level 1:colcon.colcon_core.package_identification:_identify(src) by extension 'ignore'
[0.535s] Level 1:colcon.colcon_core.package_identification:_identify(src) by extension 'ignore_ament_install'
[0.535s] Level 1:colcon.colcon_core.package_identification:_identify(src) by extensions ['colcon_pkg']
[0.535s] Level 1:colcon.colcon_core.package_identification:_identify(src) by extension 'colcon_pkg'
[0.535s] Level 1:colcon.colcon_core.package_identification:_identify(src) by extensions ['colcon_meta']
[0.535s] Level 1:colcon.colcon_core.package_identification:_identify(src) by extension 'colcon_meta'
[0.535s] Level 1:colcon.colcon_core.package_identification:_identify(src) by extensions ['ros']
[0.535s] Level 1:colcon.colcon_core.package_identification:_identify(src) by extension 'ros'
[0.535s] Level 1:colcon.colcon_core.package_identification:_identify(src) by extensions ['cmake', 'python']
[0.535s] Level 1:colcon.colcon_core.package_identification:_identify(src) by extension 'cmake'
[0.535s] Level 1:colcon.colcon_core.package_identification:_identify(src) by extension 'python'
[0.535s] Level 1:colcon.colcon_core.package_identification:_identify(src) by extensions ['python_setup_py']
[0.535s] Level 1:colcon.colcon_core.package_identification:_identify(src) by extension 'python_setup_py'
[0.536s] Level 1:colcon.colcon_core.package_identification:_identify(src/mi_robot_15) by extensions ['ignore', 'ignore_ament_install']
[0.536s] Level 1:colcon.colcon_core.package_identification:_identify(src/mi_robot_15) by extension 'ignore'
[0.536s] Level 1:colcon.colcon_core.package_identification:_identify(src/mi_robot_15) by extension 'ignore_ament_install'
[0.536s] Level 1:colcon.colcon_core.package_identification:_identify(src/mi_robot_15) by extensions ['colcon_pkg']
[0.536s] Level 1:colcon.colcon_core.package_identification:_identify(src/mi_robot_15) by extension 'colcon_pkg'
[0.536s] Level 1:colcon.colcon_core.package_identification:_identify(src/mi_robot_15) by extensions ['colcon_meta']
[0.536s] Level 1:colcon.colcon_core.package_identification:_identify(src/mi_robot_15) by extension 'colcon_meta'
[0.536s] Level 1:colcon.colcon_core.package_identification:_identify(src/mi_robot_15) by extensions ['ros']
[0.536s] Level 1:colcon.colcon_core.package_identification:_identify(src/mi_robot_15) by extension 'ros'
[0.540s] DEBUG:colcon.colcon_core.package_identification:Package 'src/mi_robot_15' with type 'ros.ament_python' and name 'mi_robot_15'
[0.541s] Level 1:colcon.colcon_core.package_discovery:discover_packages(recursive) using defaults
[0.541s] Level 1:colcon.colcon_core.package_discovery:discover_packages(ignore) discover
[0.541s] Level 1:colcon.colcon_core.package_discovery:discover_packages(ignore) using defaults
[0.541s] Level 1:colcon.colcon_core.package_discovery:discover_packages(path) discover
[0.541s] Level 1:colcon.colcon_core.package_discovery:discover_packages(path) using defaults
[0.571s] Level 1:colcon.colcon_core.package_discovery:discover_packages(prefix_path) check parameters
[0.572s] Level 1:colcon.colcon_core.package_discovery:discover_packages(prefix_path) discover
[0.583s] DEBUG:colcon.colcon_installed_package_information.package_discovery:Found 1 installed packages in /home/robotica/taller2_grupo15/install
[0.600s] DEBUG:colcon.colcon_installed_package_information.package_discovery:Found 1 installed packages in /home/robotica/Robotica/Taller 1/install
[0.604s] DEBUG:colcon.colcon_installed_package_information.package_discovery:Found 270 installed packages in /opt/ros/humble
[0.607s] Level 1:colcon.colcon_core.package_discovery:discover_packages(prefix_path) using defaults
[0.689s] Level 5:colcon.colcon_core.verb:set package 'mi_robot_15' build argument 'cmake_args' from command line to 'None'
[0.690s] Level 5:colcon.colcon_core.verb:set package 'mi_robot_15' build argument 'cmake_target' from command line to 'None'
[0.690s] Level 5:colcon.colcon_core.verb:set package 'mi_robot_15' build argument 'cmake_target_skip_unavailable' from command line to 'False'
[0.690s] Level 5:colcon.colcon_core.verb:set package 'mi_robot_15' build argument 'cmake_clean_cache' from command line to 'False'
[0.690s] Level 5:colcon.colcon_core.verb:set package 'mi_robot_15' build argument 'cmake_clean_first' from command line to 'False'
[0.690s] Level 5:colcon.colcon_core.verb:set package 'mi_robot_15' build argument 'cmake_force_configure' from command line to 'False'
[0.690s] Level 5:colcon.colcon_core.verb:set package 'mi_robot_15' build argument 'ament_cmake_args' from command line to 'None'
[0.690s] Level 5:colcon.colcon_core.verb:set package 'mi_robot_15' build argument 'catkin_cmake_args' from command line to 'None'
[0.690s] Level 5:colcon.colcon_core.verb:set package 'mi_robot_15' build argument 'catkin_skip_building_tests' from command line to 'False'
[0.690s] DEBUG:colcon.colcon_core.verb:Building package 'mi_robot_15' with the following arguments: {'ament_cmake_args': None, 'build_base': '/home/robotica/taller2_grupo15/build/mi_robot_15', 'catkin_cmake_args': None, 'catkin_skip_building_tests': False, 'cmake_args': None, 'cmake_clean_cache': False, 'cmake_clean_first': False, 'cmake_force_configure': False, 'cmake_target': None, 'cmake_target_skip_unavailable': False, 'install_base': '/home/robotica/taller2_grupo15/install/mi_robot_15', 'merge_install': False, 'path': '/home/robotica/taller2_grupo15/src/mi_robot_15', 'symlink_install': False, 'test_result_base': None}
[0.691s] INFO:colcon.colcon_core.executor:Executing jobs using 'parallel' executor
[0.697s] DEBUG:colcon.colcon_parallel_executor.executor.parallel:run_until_complete
[0.698s] INFO:colcon.colcon_ros.task.ament_python.build:Building ROS package in '/home/robotica/taller2_grupo15/src/mi_robot_15' with build type 'ament_python'
[0.698s] Level 1:colcon.colcon_core.shell:create_environment_hook('mi_robot_15', 'ament_prefix_path')
[0.714s] INFO:colcon.colcon_core.plugin_system:Skipping extension 'colcon_core.shell.bat': Not used on non-Windows systems
[0.715s] INFO:colcon.colcon_core.shell:Creating environment hook '/home/robotica/taller2_grupo15/install/mi_robot_15/share/mi_robot_15/hook/ament_prefix_path.ps1'
[0.717s] INFO:colcon.colcon_core.shell:Creating environment descriptor '/home/robotica/taller2_grupo15/install/mi_robot_15/share/mi_robot_15/hook/ament_prefix_path.dsv'
[0.718s] INFO:colcon.colcon_core.shell:Creating environment hook '/home/robotica/taller2_grupo15/install/mi_robot_15/share/mi_robot_15/hook/ament_prefix_path.sh'
[0.722s] INFO:colcon.colcon_core.shell:Skip shell extension 'powershell' for command environment: Not usable outside of PowerShell
[0.722s] DEBUG:colcon.colcon_core.shell:Skip shell extension 'dsv' for command environment
[1.275s] INFO:colcon.colcon_core.task.python.build:Building Python package in '/home/robotica/taller2_grupo15/src/mi_robot_15'
[1.277s] INFO:colcon.colcon_core.shell:Skip shell extension 'powershell' for command environment: Not usable outside of PowerShell
[1.277s] DEBUG:colcon.colcon_core.shell:Skip shell extension 'dsv' for command environment
[1.929s] DEBUG:colcon.colcon_core.event_handler.log_command:Invoking command in '/home/robotica/taller2_grupo15/src/mi_robot_15': PYTHONPATH=/home/robotica/taller2_grupo15/build/mi_robot_15/prefix_override:/home/robotica/taller2_grupo15/install/mi_robot_15/lib/python3.10/site-packages:${PYTHONPATH} /usr/bin/python3 setup.py egg_info --egg-base ../../build/mi_robot_15 build --build-base /home/robotica/taller2_grupo15/build/mi_robot_15/build install --record /home/robotica/taller2_grupo15/build/mi_robot_15/install.log --single-version-externally-managed
[2.453s] DEBUG:colcon.colcon_core.event_handler.log_command:Invoked command in '/home/robotica/taller2_grupo15/src/mi_robot_15' returned '0': PYTHONPATH=/home/robotica/taller2_grupo15/build/mi_robot_15/prefix_override:/home/robotica/taller2_grupo15/install/mi_robot_15/lib/python3.10/site-packages:${PYTHONPATH} /usr/bin/python3 setup.py egg_info --egg-base ../../build/mi_robot_15 build --build-base /home/robotica/taller2_grupo15/build/mi_robot_15/build install --record /home/robotica/taller2_grupo15/build/mi_robot_15/install.log --single-version-externally-managed
[2.454s] Level 1:colcon.colcon_core.environment:checking '/home/robotica/taller2_grupo15/install/mi_robot_15' for CMake module files
[2.455s] Level 1:colcon.colcon_core.environment:checking '/home/robotica/taller2_grupo15/install/mi_robot_15' for CMake config files
[2.456s] Level 1:colcon.colcon_core.environment:checking '/home/robotica/taller2_grupo15/install/mi_robot_15/lib'
[2.457s] Level 1:colcon.colcon_core.environment:checking '/home/robotica/taller2_grupo15/install/mi_robot_15/bin'
[2.457s] Level 1:colcon.colcon_core.environment:checking '/home/robotica/taller2_grupo15/install/mi_robot_15/lib/pkgconfig/mi_robot_15.pc'
[2.457s] Level 1:colcon.colcon_core.environment:checking '/home/robotica/taller2_grupo15/install/mi_robot_15/lib/python3.10/site-packages'
[2.457s] Level 1:colcon.colcon_core.shell:create_environment_hook('mi_robot_15', 'pythonpath')
[2.460s] INFO:colcon.colcon_core.shell:Creating environment hook '/home/robotica/taller2_grupo15/install/mi_robot_15/share/mi_robot_15/hook/pythonpath.ps1'
[2.461s] INFO:colcon.colcon_core.shell:Creating environment descriptor '/home/robotica/taller2_grupo15/install/mi_robot_15/share/mi_robot_15/hook/pythonpath.dsv'
[2.462s] INFO:colcon.colcon_core.shell:Creating environment hook '/home/robotica/taller2_grupo15/install/mi_robot_15/share/mi_robot_15/hook/pythonpath.sh'
[2.468s] Level 1:colcon.colcon_core.environment:checking '/home/robotica/taller2_grupo15/install/mi_robot_15/bin'
[2.469s] Level 1:colcon.colcon_core.environment:create_environment_scripts_only(mi_robot_15)
[2.471s] INFO:colcon.colcon_core.shell:Creating package script '/home/robotica/taller2_grupo15/install/mi_robot_15/share/mi_robot_15/package.ps1'
[2.473s] INFO:colcon.colcon_core.shell:Creating package descriptor '/home/robotica/taller2_grupo15/install/mi_robot_15/share/mi_robot_15/package.dsv'
[2.474s] INFO:colcon.colcon_core.shell:Creating package script '/home/robotica/taller2_grupo15/install/mi_robot_15/share/mi_robot_15/package.sh'
[2.476s] INFO:colcon.colcon_core.shell:Creating package script '/home/robotica/taller2_grupo15/install/mi_robot_15/share/mi_robot_15/package.bash'
[2.477s] INFO:colcon.colcon_core.shell:Creating package script '/home/robotica/taller2_grupo15/install/mi_robot_15/share/mi_robot_15/package.zsh'
[2.480s] Level 1:colcon.colcon_core.environment:create_file_with_runtime_dependencies(/home/robotica/taller2_grupo15/install/mi_robot_15/share/colcon-core/packages/mi_robot_15)
[2.481s] DEBUG:colcon.colcon_parallel_executor.executor.parallel:closing loop
[2.484s] DEBUG:colcon.colcon_parallel_executor.executor.parallel:loop closed
[2.485s] DEBUG:colcon.colcon_parallel_executor.executor.parallel:run_until_complete finished with '0'
[2.485s] DEBUG:colcon.colcon_core.event_reactor:joining thread
[2.505s] INFO:colcon.colcon_core.plugin_system:Skipping extension 'colcon_notification.desktop_notification.terminal_notifier': Not used on non-Darwin systems
[2.505s] INFO:colcon.colcon_core.plugin_system:Skipping extension 'colcon_notification.desktop_notification.win32': Not used on non-Windows systems
[2.505s] INFO:colcon.colcon_notification.desktop_notification:Sending desktop notification using 'notify2'
[2.541s] DEBUG:colcon.colcon_core.event_reactor:joined thread
[2.544s] INFO:colcon.colcon_core.shell:Creating prefix script '/home/robotica/taller2_grupo15/install/local_setup.ps1'
[2.546s] INFO:colcon.colcon_core.shell:Creating prefix util module '/home/robotica/taller2_grupo15/install/_local_setup_util_ps1.py'
[2.550s] INFO:colcon.colcon_core.shell:Creating prefix chain script '/home/robotica/taller2_grupo15/install/setup.ps1'
[2.558s] INFO:colcon.colcon_core.shell:Creating prefix script '/home/robotica/taller2_grupo15/install/local_setup.sh'
[2.559s] INFO:colcon.colcon_core.shell:Creating prefix util module '/home/robotica/taller2_grupo15/install/_local_setup_util_sh.py'
[2.560s] INFO:colcon.colcon_core.shell:Creating prefix chain script '/home/robotica/taller2_grupo15/install/setup.sh'
[2.596s] INFO:colcon.colcon_core.shell:Creating prefix script '/home/robotica/taller2_grupo15/install/local_setup.bash'
[2.600s] INFO:colcon.colcon_core.shell:Creating prefix chain script '/home/robotica/taller2_grupo15/install/setup.bash'
[2.614s] INFO:colcon.colcon_core.shell:Creating prefix script '/home/robotica/taller2_grupo15/install/local_setup.zsh'
[2.621s] INFO:colcon.colcon_core.shell:Creating prefix chain script '/home/robotica/taller2_grupo15/install/setup.zsh'
