[1.327s] DEBUG:colcon:Command line arguments: ['/usr/bin/colcon', 'build']
[1.328s] DEBUG:colcon:Parsed command line arguments: Namespace(log_base=None, log_level=None, verb_name='build', build_base='build', install_base='install', merge_install=False, symlink_install=False, test_result_base=None, continue_on_error=False, executor='parallel', parallel_workers=4, event_handlers=None, ignore_user_meta=False, metas=['./colcon.meta'], base_paths=['.'], packages_ignore=None, packages_ignore_regex=None, paths=None, packages_up_to=None, packages_up_to_regex=None, packages_above=None, packages_above_and_dependencies=None, packages_above_depth=None, packages_select_by_dep=None, packages_skip_by_dep=None, packages_skip_up_to=None, packages_select_build_failed=False, packages_skip_build_finished=False, packages_select_test_failures=False, packages_skip_test_passed=False, packages_select=None, packages_skip=None, packages_select_regex=None, packages_skip_regex=None, packages_start=None, packages_end=None, allow_overriding=[], cmake_args=None, cmake_target=None, cmake_target_skip_unavailable=False, cmake_clean_cache=False, cmake_clean_first=False, cmake_force_configure=False, ament_cmake_args=None, catkin_cmake_args=None, catkin_skip_building_tests=False, verb_parser=<colcon_defaults.argument_parser.defaults.DefaultArgumentsDecorator object at 0x7f28069a99f0>, verb_extension=<colcon_core.verb.build.BuildVerb object at 0x7f28072420e0>, main=<bound method BuildVerb.main of <colcon_core.verb.build.BuildVerb object at 0x7f28072420e0>>)
[1.592s] Level 1:colcon.colcon_core.package_discovery:discover_packages(colcon_meta) check parameters
[1.593s] Level 1:colcon.colcon_core.package_discovery:discover_packages(recursive) check parameters
[1.593s] Level 1:colcon.colcon_core.package_discovery:discover_packages(ignore) check parameters
[1.593s] Level 1:colcon.colcon_core.package_discovery:discover_packages(path) check parameters
[1.593s] Level 1:colcon.colcon_core.package_discovery:discover_packages(colcon_meta) discover
[1.593s] Level 1:colcon.colcon_core.package_discovery:discover_packages(recursive) discover
[1.593s] INFO:colcon.colcon_core.package_discovery:Crawling recursively for packages in '/home/robotica/taller2_grupo15'
[1.593s] Level 1:colcon.colcon_core.package_identification:_identify(.) by extensions ['ignore', 'ignore_ament_install']
[1.594s] Level 1:colcon.colcon_core.package_identification:_identify(.) by extension 'ignore'
[1.595s] Level 1:colcon.colcon_core.package_identification:_identify(.) by extension 'ignore_ament_install'
[1.595s] Level 1:colcon.colcon_core.package_identification:_identify(.) by extensions ['colcon_pkg']
[1.595s] Level 1:colcon.colcon_core.package_identification:_identify(.) by extension 'colcon_pkg'
[1.595s] Level 1:colcon.colcon_core.package_identification:_identify(.) by extensions ['colcon_meta']
[1.595s] Level 1:colcon.colcon_core.package_identification:_identify(.) by extension 'colcon_meta'
[1.595s] Level 1:colcon.colcon_core.package_identification:_identify(.) by extensions ['ros']
[1.595s] Level 1:colcon.colcon_core.package_identification:_identify(.) by extension 'ros'
[1.659s] Level 1:colcon.colcon_core.package_identification:_identify(.) by extensions ['cmake', 'python']
[1.659s] Level 1:colcon.colcon_core.package_identification:_identify(.) by extension 'cmake'
[1.659s] Level 1:colcon.colcon_core.package_identification:_identify(.) by extension 'python'
[1.659s] Level 1:colcon.colcon_core.package_identification:_identify(.) by extensions ['python_setup_py']
[1.660s] Level 1:colcon.colcon_core.package_identification:_identify(.) by extension 'python_setup_py'
[1.660s] Level 1:colcon.colcon_core.package_identification:_identify(build) by extensions ['ignore', 'ignore_ament_install']
[1.664s] Level 1:colcon.colcon_core.package_identification:_identify(build) by extension 'ignore'
[1.666s] Level 1:colcon.colcon_core.package_identification:_identify(build) ignored
[1.667s] Level 1:colcon.colcon_core.package_identification:_identify(install) by extensions ['ignore', 'ignore_ament_install']
[1.667s] Level 1:colcon.colcon_core.package_identification:_identify(install) by extension 'ignore'
[1.667s] Level 1:colcon.colcon_core.package_identification:_identify(install) ignored
[1.668s] Level 1:colcon.colcon_core.package_identification:_identify(log) by extensions ['ignore', 'ignore_ament_install']
[1.668s] Level 1:colcon.colcon_core.package_identification:_identify(log) by extension 'ignore'
[1.668s] Level 1:colcon.colcon_core.package_identification:_identify(log) ignored
[1.668s] Level 1:colcon.colcon_core.package_identification:_identify(robot_effector) by extensions ['ignore', 'ignore_ament_install']
[1.668s] Level 1:colcon.colcon_core.package_identification:_identify(robot_effector) by extension 'ignore'
[1.669s] Level 1:colcon.colcon_core.package_identification:_identify(robot_effector) by extension 'ignore_ament_install'
[1.669s] Level 1:colcon.colcon_core.package_identification:_identify(robot_effector) by extensions ['colcon_pkg']
[1.669s] Level 1:colcon.colcon_core.package_identification:_identify(robot_effector) by extension 'colcon_pkg'
[1.669s] Level 1:colcon.colcon_core.package_identification:_identify(robot_effector) by extensions ['colcon_meta']
[1.669s] Level 1:colcon.colcon_core.package_identification:_identify(robot_effector) by extension 'colcon_meta'
[1.669s] Level 1:colcon.colcon_core.package_identification:_identify(robot_effector) by extensions ['ros']
[1.669s] Level 1:colcon.colcon_core.package_identification:_identify(robot_effector) by extension 'ros'
[1.669s] Level 1:colcon.colcon_core.package_identification:_identify(robot_effector) by extensions ['cmake', 'python']
[1.669s] Level 1:colcon.colcon_core.package_identification:_identify(robot_effector) by extension 'cmake'
[1.669s] Level 1:colcon.colcon_core.package_identification:_identify(robot_effector) by extension 'python'
[1.669s] Level 1:colcon.colcon_core.package_identification:_identify(robot_effector) by extensions ['python_setup_py']
[1.669s] Level 1:colcon.colcon_core.package_identification:_identify(robot_effector) by extension 'python_setup_py'
[1.670s] Level 1:colcon.colcon_core.package_identification:_identify(robot_effector/motoresRobot) by extensions ['ignore', 'ignore_ament_install']
[1.670s] Level 1:colcon.colcon_core.package_identification:_identify(robot_effector/motoresRobot) by extension 'ignore'
[1.670s] Level 1:colcon.colcon_core.package_identification:_identify(robot_effector/motoresRobot) by extension 'ignore_ament_install'
[1.670s] Level 1:colcon.colcon_core.package_identification:_identify(robot_effector/motoresRobot) by extensions ['colcon_pkg']
[1.670s] Level 1:colcon.colcon_core.package_identification:_identify(robot_effector/motoresRobot) by extension 'colcon_pkg'
[1.670s] Level 1:colcon.colcon_core.package_identification:_identify(robot_effector/motoresRobot) by extensions ['colcon_meta']
[1.670s] Level 1:colcon.colcon_core.package_identification:_identify(robot_effector/motoresRobot) by extension 'colcon_meta'
[1.670s] Level 1:colcon.colcon_core.package_identification:_identify(robot_effector/motoresRobot) by extensions ['ros']
[1.670s] Level 1:colcon.colcon_core.package_identification:_identify(robot_effector/motoresRobot) by extension 'ros'
[1.670s] Level 1:colcon.colcon_core.package_identification:_identify(robot_effector/motoresRobot) by extensions ['cmake', 'python']
[1.671s] Level 1:colcon.colcon_core.package_identification:_identify(robot_effector/motoresRobot) by extension 'cmake'
[1.672s] Level 1:colcon.colcon_core.package_identification:_identify(robot_effector/motoresRobot) by extension 'python'
[1.672s] Level 1:colcon.colcon_core.package_identification:_identify(robot_effector/motoresRobot) by extensions ['python_setup_py']
[1.672s] Level 1:colcon.colcon_core.package_identification:_identify(robot_effector/motoresRobot) by extension 'python_setup_py'
[1.673s] Level 1:colcon.colcon_core.package_identification:_identify(src) by extensions ['ignore', 'ignore_ament_install']
[1.673s] Level 1:colcon.colcon_core.package_identification:_identify(src) by extension 'ignore'
[1.673s] Level 1:colcon.colcon_core.package_identification:_identify(src) by extension 'ignore_ament_install'
[1.673s] Level 1:colcon.colcon_core.package_identification:_identify(src) by extensions ['colcon_pkg']
[1.673s] Level 1:colcon.colcon_core.package_identification:_identify(src) by extension 'colcon_pkg'
[1.673s] Level 1:colcon.colcon_core.package_identification:_identify(src) by extensions ['colcon_meta']
[1.673s] Level 1:colcon.colcon_core.package_identification:_identify(src) by extension 'colcon_meta'
[1.673s] Level 1:colcon.colcon_core.package_identification:_identify(src) by extensions ['ros']
[1.673s] Level 1:colcon.colcon_core.package_identification:_identify(src) by extension 'ros'
[1.674s] Level 1:colcon.colcon_core.package_identification:_identify(src) by extensions ['cmake', 'python']
[1.674s] Level 1:colcon.colcon_core.package_identification:_identify(src) by extension 'cmake'
[1.674s] Level 1:colcon.colcon_core.package_identification:_identify(src) by extension 'python'
[1.674s] Level 1:colcon.colcon_core.package_identification:_identify(src) by extensions ['python_setup_py']
[1.674s] Level 1:colcon.colcon_core.package_identification:_identify(src) by extension 'python_setup_py'
[1.674s] Level 1:colcon.colcon_core.package_identification:_identify(src/mi_robot_15) by extensions ['ignore', 'ignore_ament_install']
[1.674s] Level 1:colcon.colcon_core.package_identification:_identify(src/mi_robot_15) by extension 'ignore'
[1.674s] Level 1:colcon.colcon_core.package_identification:_identify(src/mi_robot_15) by extension 'ignore_ament_install'
[1.674s] Level 1:colcon.colcon_core.package_identification:_identify(src/mi_robot_15) by extensions ['colcon_pkg']
[1.674s] Level 1:colcon.colcon_core.package_identification:_identify(src/mi_robot_15) by extension 'colcon_pkg'
[1.674s] Level 1:colcon.colcon_core.package_identification:_identify(src/mi_robot_15) by extensions ['colcon_meta']
[1.675s] Level 1:colcon.colcon_core.package_identification:_identify(src/mi_robot_15) by extension 'colcon_meta'
[1.675s] Level 1:colcon.colcon_core.package_identification:_identify(src/mi_robot_15) by extensions ['ros']
[1.675s] Level 1:colcon.colcon_core.package_identification:_identify(src/mi_robot_15) by extension 'ros'
[1.687s] DEBUG:colcon.colcon_core.package_identification:Package 'src/mi_robot_15' with type 'ros.ament_python' and name 'mi_robot_15'
[1.688s] Level 1:colcon.colcon_core.package_discovery:discover_packages(recursive) using defaults
[1.688s] Level 1:colcon.colcon_core.package_discovery:discover_packages(ignore) discover
[1.688s] Level 1:colcon.colcon_core.package_discovery:discover_packages(ignore) using defaults
[1.688s] Level 1:colcon.colcon_core.package_discovery:discover_packages(path) discover
[1.688s] Level 1:colcon.colcon_core.package_discovery:discover_packages(path) using defaults
[1.801s] Level 1:colcon.colcon_core.package_discovery:discover_packages(prefix_path) check parameters
[1.801s] Level 1:colcon.colcon_core.package_discovery:discover_packages(prefix_path) discover
[1.861s] DEBUG:colcon.colcon_installed_package_information.package_discovery:Found 1 installed packages in /home/robotica/Robotica/Taller 1/install
[1.866s] DEBUG:colcon.colcon_installed_package_information.package_discovery:Found 270 installed packages in /opt/ros/humble
[1.871s] Level 1:colcon.colcon_core.package_discovery:discover_packages(prefix_path) using defaults
[2.259s] Level 5:colcon.colcon_core.verb:set package 'mi_robot_15' build argument 'cmake_args' from command line to 'None'
[2.259s] Level 5:colcon.colcon_core.verb:set package 'mi_robot_15' build argument 'cmake_target' from command line to 'None'
[2.259s] Level 5:colcon.colcon_core.verb:set package 'mi_robot_15' build argument 'cmake_target_skip_unavailable' from command line to 'False'
[2.259s] Level 5:colcon.colcon_core.verb:set package 'mi_robot_15' build argument 'cmake_clean_cache' from command line to 'False'
[2.259s] Level 5:colcon.colcon_core.verb:set package 'mi_robot_15' build argument 'cmake_clean_first' from command line to 'False'
[2.259s] Level 5:colcon.colcon_core.verb:set package 'mi_robot_15' build argument 'cmake_force_configure' from command line to 'False'
[2.259s] Level 5:colcon.colcon_core.verb:set package 'mi_robot_15' build argument 'ament_cmake_args' from command line to 'None'
[2.259s] Level 5:colcon.colcon_core.verb:set package 'mi_robot_15' build argument 'catkin_cmake_args' from command line to 'None'
[2.259s] Level 5:colcon.colcon_core.verb:set package 'mi_robot_15' build argument 'catkin_skip_building_tests' from command line to 'False'
[2.259s] DEBUG:colcon.colcon_core.verb:Building package 'mi_robot_15' with the following arguments: {'ament_cmake_args': None, 'build_base': '/home/robotica/taller2_grupo15/build/mi_robot_15', 'catkin_cmake_args': None, 'catkin_skip_building_tests': False, 'cmake_args': None, 'cmake_clean_cache': False, 'cmake_clean_first': False, 'cmake_force_configure': False, 'cmake_target': None, 'cmake_target_skip_unavailable': False, 'install_base': '/home/robotica/taller2_grupo15/install/mi_robot_15', 'merge_install': False, 'path': '/home/robotica/taller2_grupo15/src/mi_robot_15', 'symlink_install': False, 'test_result_base': None}
[2.261s] INFO:colcon.colcon_core.executor:Executing jobs using 'parallel' executor
[2.271s] DEBUG:colcon.colcon_parallel_executor.executor.parallel:run_until_complete
[2.273s] INFO:colcon.colcon_ros.task.ament_python.build:Building ROS package in '/home/robotica/taller2_grupo15/src/mi_robot_15' with build type 'ament_python'
[2.273s] Level 1:colcon.colcon_core.shell:create_environment_hook('mi_robot_15', 'ament_prefix_path')
[2.295s] INFO:colcon.colcon_core.plugin_system:Skipping extension 'colcon_core.shell.bat': Not used on non-Windows systems
[2.300s] INFO:colcon.colcon_core.shell:Creating environment hook '/home/robotica/taller2_grupo15/install/mi_robot_15/share/mi_robot_15/hook/ament_prefix_path.ps1'
[2.307s] INFO:colcon.colcon_core.shell:Creating environment descriptor '/home/robotica/taller2_grupo15/install/mi_robot_15/share/mi_robot_15/hook/ament_prefix_path.dsv'
[2.312s] INFO:colcon.colcon_core.shell:Creating environment hook '/home/robotica/taller2_grupo15/install/mi_robot_15/share/mi_robot_15/hook/ament_prefix_path.sh'
[2.318s] INFO:colcon.colcon_core.shell:Skip shell extension 'powershell' for command environment: Not usable outside of PowerShell
[2.318s] DEBUG:colcon.colcon_core.shell:Skip shell extension 'dsv' for command environment
[3.098s] INFO:colcon.colcon_core.task.python.build:Building Python package in '/home/robotica/taller2_grupo15/src/mi_robot_15'
[3.100s] INFO:colcon.colcon_core.shell:Skip shell extension 'powershell' for command environment: Not usable outside of PowerShell
[3.101s] DEBUG:colcon.colcon_core.shell:Skip shell extension 'dsv' for command environment
[4.233s] DEBUG:colcon.colcon_core.event_handler.log_command:Invoking command in '/home/robotica/taller2_grupo15/src/mi_robot_15': PYTHONPATH=/home/robotica/taller2_grupo15/build/mi_robot_15/prefix_override:/home/robotica/taller2_grupo15/install/mi_robot_15/lib/python3.10/site-packages:${PYTHONPATH} /usr/bin/python3 setup.py egg_info --egg-base ../../build/mi_robot_15 build --build-base /home/robotica/taller2_grupo15/build/mi_robot_15/build install --record /home/robotica/taller2_grupo15/build/mi_robot_15/install.log --single-version-externally-managed
[4.969s] DEBUG:colcon.colcon_core.event_handler.log_command:Invoked command in '/home/robotica/taller2_grupo15/src/mi_robot_15' returned '0': PYTHONPATH=/home/robotica/taller2_grupo15/build/mi_robot_15/prefix_override:/home/robotica/taller2_grupo15/install/mi_robot_15/lib/python3.10/site-packages:${PYTHONPATH} /usr/bin/python3 setup.py egg_info --egg-base ../../build/mi_robot_15 build --build-base /home/robotica/taller2_grupo15/build/mi_robot_15/build install --record /home/robotica/taller2_grupo15/build/mi_robot_15/install.log --single-version-externally-managed
[4.988s] Level 1:colcon.colcon_core.environment:checking '/home/robotica/taller2_grupo15/install/mi_robot_15' for CMake module files
[4.990s] Level 1:colcon.colcon_core.environment:checking '/home/robotica/taller2_grupo15/install/mi_robot_15' for CMake config files
[4.991s] Level 1:colcon.colcon_core.environment:checking '/home/robotica/taller2_grupo15/install/mi_robot_15/lib'
[4.991s] Level 1:colcon.colcon_core.environment:checking '/home/robotica/taller2_grupo15/install/mi_robot_15/bin'
[4.992s] Level 1:colcon.colcon_core.environment:checking '/home/robotica/taller2_grupo15/install/mi_robot_15/lib/pkgconfig/mi_robot_15.pc'
[4.992s] Level 1:colcon.colcon_core.environment:checking '/home/robotica/taller2_grupo15/install/mi_robot_15/lib/python3.10/site-packages'
[4.993s] Level 1:colcon.colcon_core.shell:create_environment_hook('mi_robot_15', 'pythonpath')
[4.996s] INFO:colcon.colcon_core.shell:Creating environment hook '/home/robotica/taller2_grupo15/install/mi_robot_15/share/mi_robot_15/hook/pythonpath.ps1'
[5.004s] INFO:colcon.colcon_core.shell:Creating environment descriptor '/home/robotica/taller2_grupo15/install/mi_robot_15/share/mi_robot_15/hook/pythonpath.dsv'
[5.005s] INFO:colcon.colcon_core.shell:Creating environment hook '/home/robotica/taller2_grupo15/install/mi_robot_15/share/mi_robot_15/hook/pythonpath.sh'
[5.007s] Level 1:colcon.colcon_core.environment:checking '/home/robotica/taller2_grupo15/install/mi_robot_15/bin'
[5.007s] Level 1:colcon.colcon_core.environment:create_environment_scripts_only(mi_robot_15)
[5.011s] INFO:colcon.colcon_core.shell:Creating package script '/home/robotica/taller2_grupo15/install/mi_robot_15/share/mi_robot_15/package.ps1'
[5.018s] INFO:colcon.colcon_core.shell:Creating package descriptor '/home/robotica/taller2_grupo15/install/mi_robot_15/share/mi_robot_15/package.dsv'
[5.020s] INFO:colcon.colcon_core.shell:Creating package script '/home/robotica/taller2_grupo15/install/mi_robot_15/share/mi_robot_15/package.sh'
[5.023s] INFO:colcon.colcon_core.shell:Creating package script '/home/robotica/taller2_grupo15/install/mi_robot_15/share/mi_robot_15/package.bash'
[5.026s] INFO:colcon.colcon_core.shell:Creating package script '/home/robotica/taller2_grupo15/install/mi_robot_15/share/mi_robot_15/package.zsh'
[5.030s] Level 1:colcon.colcon_core.environment:create_file_with_runtime_dependencies(/home/robotica/taller2_grupo15/install/mi_robot_15/share/colcon-core/packages/mi_robot_15)
[5.033s] DEBUG:colcon.colcon_parallel_executor.executor.parallel:closing loop
[5.034s] DEBUG:colcon.colcon_parallel_executor.executor.parallel:loop closed
[5.035s] DEBUG:colcon.colcon_parallel_executor.executor.parallel:run_until_complete finished with '0'
[5.036s] DEBUG:colcon.colcon_core.event_reactor:joining thread
[5.118s] INFO:colcon.colcon_core.plugin_system:Skipping extension 'colcon_notification.desktop_notification.terminal_notifier': Not used on non-Darwin systems
[5.118s] INFO:colcon.colcon_core.plugin_system:Skipping extension 'colcon_notification.desktop_notification.win32': Not used on non-Windows systems
[5.119s] INFO:colcon.colcon_notification.desktop_notification:Sending desktop notification using 'notify2'
[5.242s] DEBUG:colcon.colcon_core.event_reactor:joined thread
[5.245s] INFO:colcon.colcon_core.shell:Creating prefix script '/home/robotica/taller2_grupo15/install/local_setup.ps1'
[5.247s] INFO:colcon.colcon_core.shell:Creating prefix util module '/home/robotica/taller2_grupo15/install/_local_setup_util_ps1.py'
[5.290s] INFO:colcon.colcon_core.shell:Creating prefix chain script '/home/robotica/taller2_grupo15/install/setup.ps1'
[5.302s] INFO:colcon.colcon_core.shell:Creating prefix script '/home/robotica/taller2_grupo15/install/local_setup.sh'
[5.311s] INFO:colcon.colcon_core.shell:Creating prefix util module '/home/robotica/taller2_grupo15/install/_local_setup_util_sh.py'
[5.313s] INFO:colcon.colcon_core.shell:Creating prefix chain script '/home/robotica/taller2_grupo15/install/setup.sh'
[5.329s] INFO:colcon.colcon_core.shell:Creating prefix script '/home/robotica/taller2_grupo15/install/local_setup.bash'
[5.331s] INFO:colcon.colcon_core.shell:Creating prefix chain script '/home/robotica/taller2_grupo15/install/setup.bash'
[5.344s] INFO:colcon.colcon_core.shell:Creating prefix script '/home/robotica/taller2_grupo15/install/local_setup.zsh'
[5.346s] INFO:colcon.colcon_core.shell:Creating prefix chain script '/home/robotica/taller2_grupo15/install/setup.zsh'
